2024-08-01 12:40:13,108 - root - INFO - Iterating Over the Forbes List
2024-08-01 12:40:13,109 - root - INFO - Processing index 0
2024-08-01 12:40:13,109 - root - INFO - First Name: , Last Name: Aavia, Organization: Aavia
2024-08-01 12:40:13,109 - root - INFO - EnteringGoogle Extraction
2024-08-01 12:40:13,110 - asyncio - DEBUG - Using selector: EpollSelector
2024-08-01 12:40:13,337 - root - INFO - Starting Google Extraction
2024-08-01 12:40:13,337 - root - INFO - Inside Run Function
2024-08-01 12:40:13,504 - root - INFO - Browser Launched
2024-08-01 12:40:13,512 - root - INFO - New Context Created
2024-08-01 12:40:13,944 - root - INFO - New Page Created
2024-08-01 12:40:15,419 - root - INFO - Navigated to Google
2024-08-01 12:40:15,420 - root - INFO - Trying to get search box
2024-08-01 12:40:15,420 - root - INFO - Search box found
2024-08-01 12:40:18,187 - root - INFO - Search results loaded
2024-08-01 12:40:18,224 - root - INFO - Trying to get News tab
2024-08-01 12:40:18,224 - root - INFO - News tab found
2024-08-01 12:40:20,236 - root - INFO - News results loaded
2024-08-01 12:40:20,260 - root - INFO - Extracted all 'a' tags
2024-08-01 12:40:20,261 - root - INFO - Checking if URL is not google domain: 
2024-08-01 12:40:20,261 - root - INFO - URL is not google domain: 
2024-08-01 12:40:20,261 - root - INFO - Checking if URL is not google domain: https://support.google.com/websearch/answer/181196?hl=en
2024-08-01 12:40:20,261 - root - INFO - Checking if URL is not google domain: 
2024-08-01 12:40:20,261 - root - INFO - URL is not google domain: 
2024-08-01 12:40:20,262 - root - INFO - Checking if URL is not google domain: https://www.google.com/webhp?hl=en&ictx=2&sa=X&ved=0ahUKEwiI4OvtndSHAxUykYkEHXKtMRcQPQgJ
2024-08-01 12:40:20,262 - root - INFO - Checking if URL is not google domain: https://www.google.com/intl/en/about/products
2024-08-01 12:40:20,262 - root - INFO - Checking if URL is not google domain: https://accounts.google.com/ServiceLogin?hl=en&passive=true&continue=https://www.google.com/search%3Fsca_esv%3Dde3e428f524f6eaa%26q%3DAavia%2BAavia%26tbm%3Dnws%26source%3Dlnms%26fbs%3DAEQNm0DH_Oa7AMVBTQNQQ_oTVW6BqUtTT-OvZQVpynIG7-Bc1ErEU-6gsOzEBCa_j-pPh-oRx44UYgyDO-4beZaVmK-RyQR4-7ZmpcAi7d-1IPJcTGlf3DUTUtCV6jJE6MGgmU10eM6GGhnBY8S-d-QE0ApXmiUHOdTUwwdXGvXkrETwGSvEzPxp4Q7BbK2vFw2d7WemTOhf_xA7I2hGrZrc0NOGov40rw%26sa%3DX%26ved%3D2ahUKEwiBssPsndSHAxXWlYkEHbNdPdoQ0pQJegQICRAB%26biw%3D1280%26bih%3D720%26dpr%3D1&ec=futura_gmv_dt_so_72586115_e
2024-08-01 12:40:20,262 - root - INFO - Checking if URL is not google domain: https://www.google.com/search?q=Aavia+Aavia&sca_esv=de3e428f524f6eaa&biw=1280&bih=720&source=lnms&fbs=AEQNm0DH_Oa7AMVBTQNQQ_oTVW6BqUtTT-OvZQVpynIG7-Bc1ErEU-6gsOzEBCa_j-pPh-oRx44UYgyDO-4beZaVmK-RyQR4-7ZmpcAi7d-1IPJcTGlf3DUTUtCV6jJE6MGgmU10eM6GGhnBY8S-d-QE0ApXmiUHOdTUwwdXGvXkrETwGSvEzPxp4Q7BbK2vFw2d7WemTOhf_xA7I2hGrZrc0NOGov40rw&sa=X&ved=2ahUKEwiI4OvtndSHAxUykYkEHXKtMRcQ0pQJegQIBhAC
2024-08-01 12:40:20,262 - root - INFO - Checking if URL is not google domain: https://www.google.com/search?q=Aavia+Aavia&sca_esv=de3e428f524f6eaa&biw=1280&bih=720&tbm=isch&source=lnms&fbs=AEQNm0DH_Oa7AMVBTQNQQ_oTVW6BqUtTT-OvZQVpynIG7-Bc1ErEU-6gsOzEBCa_j-pPh-oRx44UYgyDO-4beZaVmK-RyQR4-7ZmpcAi7d-1IPJcTGlf3DUTUtCV6jJE6MGgmU10eM6GGhnBY8S-d-QE0ApXmiUHOdTUwwdXGvXkrETwGSvEzPxp4Q7BbK2vFw2d7WemTOhf_xA7I2hGrZrc0NOGov40rw&sa=X&ved=2ahUKEwiI4OvtndSHAxUykYkEHXKtMRcQ0pQJegQIBhAE
2024-08-01 12:40:20,262 - root - INFO - Checking if URL is not google domain: https://www.google.com/search?q=Aavia+Aavia&sca_esv=de3e428f524f6eaa&biw=1280&bih=720&tbm=vid&source=lnms&fbs=AEQNm0DH_Oa7AMVBTQNQQ_oTVW6BqUtTT-OvZQVpynIG7-Bc1ErEU-6gsOzEBCa_j-pPh-oRx44UYgyDO-4beZaVmK-RyQR4-7ZmpcAi7d-1IPJcTGlf3DUTUtCV6jJE6MGgmU10eM6GGhnBY8S-d-QE0ApXmiUHOdTUwwdXGvXkrETwGSvEzPxp4Q7BbK2vFw2d7WemTOhf_xA7I2hGrZrc0NOGov40rw&sa=X&ved=2ahUKEwiI4OvtndSHAxUykYkEHXKtMRcQ0pQJegQIBhAG
2024-08-01 12:40:20,262 - root - INFO - Checking if URL is not google domain: https://www.google.com/search?q=Aavia+Aavia&sa=X&sca_esv=de3e428f524f6eaa&biw=1280&bih=720&udm=28&fbs=AEQNm0DH_Oa7AMVBTQNQQ_oTVW6BqUtTT-OvZQVpynIG7-Bc1ErEU-6gsOzEBCa_j-pPh-oRx44UYgyDO-4beZaVmK-RyQR4-7ZmpcAi7d-1IPJcTGlf3DUTUtCV6jJE6MGgmU10eM6GGhnBY8S-d-QE0ApXmiUHOdTUwwdXGvXkrETwGSvEzPxp4Q7BbK2vFw2d7WemTOhf_xA7I2hGrZrc0NOGov40rw&ved=2ahUKEwiI4OvtndSHAxUykYkEHXKtMRcQtKgLegQIBhAI
2024-08-01 12:40:20,262 - root - INFO - Checking if URL is not google domain: https://www.google.com/search?q=Aavia+Aavia&sa=X&sca_esv=de3e428f524f6eaa&biw=1280&bih=720&udm=18&fbs=AEQNm0DH_Oa7AMVBTQNQQ_oTVW6BqUtTT-OvZQVpynIG7-Bc1ErEU-6gsOzEBCa_j-pPh-oRx44UYgyDO-4beZaVmK-RyQR4-7ZmpcAi7d-1IPJcTGlf3DUTUtCV6jJE6MGgmU10eM6GGhnBY8S-d-QE0ApXmiUHOdTUwwdXGvXkrETwGSvEzPxp4Q7BbK2vFw2d7WemTOhf_xA7I2hGrZrc0NOGov40rw&ved=2ahUKEwiI4OvtndSHAxUykYkEHXKtMRcQs6gLegQIBhAK
2024-08-01 12:40:20,263 - root - INFO - Checking if URL is not google domain: 
2024-08-01 12:40:20,263 - root - INFO - URL is not google domain: 
2024-08-01 12:40:20,263 - root - INFO - Checking if URL is not google domain: https://www.google.com/search?q=Aavia+Aavia&sa=X&sca_esv=de3e428f524f6eaa&biw=1280&bih=720&udm=14&fbs=AEQNm0DH_Oa7AMVBTQNQQ_oTVW6BqUtTT-OvZQVpynIG7-Bc1ErEU-6gsOzEBCa_j-pPh-oRx44UYgyDO-4beZaVmK-RyQR4-7ZmpcAi7d-1IPJcTGlf3DUTUtCV6jJE6MGgmU10eM6GGhnBY8S-d-QE0ApXmiUHOdTUwwdXGvXkrETwGSvEzPxp4Q7BbK2vFw2d7WemTOhf_xA7I2hGrZrc0NOGov40rw&ved=2ahUKEwiI4OvtndSHAxUykYkEHXKtMRcQs6gLegQIBhAO
2024-08-01 12:40:20,263 - root - INFO - Checking if URL is not google domain: https://maps.google.com/maps?sca_esv=de3e428f524f6eaa&q=Aavia+Aavia&fbs=AEQNm0DH_Oa7AMVBTQNQQ_oTVW6BqUtTT-OvZQVpynIG7-Bc1ErEU-6gsOzEBCa_j-pPh-oRx44UYgyDO-4beZaVmK-RyQR4-7ZmpcAi7d-1IPJcTGlf3DUTUtCV6jJE6MGgmU10eM6GGhnBY8S-d-QE0ApXmiUHOdTUwwdXGvXkrETwGSvEzPxp4Q7BbK2vFw2d7WemTOhf_xA7I2hGrZrc0NOGov40rw&biw=1280&bih=720&dpr=1&um=1&ie=UTF-8&ved=1t:200715&ictx=111
2024-08-01 12:40:20,263 - root - INFO - Checking if URL is not google domain: https://www.google.com/search?q=Aavia+Aavia&sca_esv=de3e428f524f6eaa&biw=1280&bih=720&tbm=bks&source=lnms&fbs=AEQNm0DH_Oa7AMVBTQNQQ_oTVW6BqUtTT-OvZQVpynIG7-Bc1ErEU-6gsOzEBCa_j-pPh-oRx44UYgyDO-4beZaVmK-RyQR4-7ZmpcAi7d-1IPJcTGlf3DUTUtCV6jJE6MGgmU10eM6GGhnBY8S-d-QE0ApXmiUHOdTUwwdXGvXkrETwGSvEzPxp4Q7BbK2vFw2d7WemTOhf_xA7I2hGrZrc0NOGov40rw&sa=X&ved=2ahUKEwiI4OvtndSHAxUykYkEHXKtMRcQ0pQJKAF6BAgGEBM
2024-08-01 12:40:20,264 - root - INFO - Checking if URL is not google domain: https://www.google.com/travel/flights?q=Aavia+Aavia&sca_esv=de3e428f524f6eaa&biw=1280&bih=720&tbm=flm&source=lnms&fbs=AEQNm0DH_Oa7AMVBTQNQQ_oTVW6BqUtTT-OvZQVpynIG7-Bc1ErEU-6gsOzEBCa_j-pPh-oRx44UYgyDO-4beZaVmK-RyQR4-7ZmpcAi7d-1IPJcTGlf3DUTUtCV6jJE6MGgmU10eM6GGhnBY8S-d-QE0ApXmiUHOdTUwwdXGvXkrETwGSvEzPxp4Q7BbK2vFw2d7WemTOhf_xA7I2hGrZrc0NOGov40rw&ved=1t:200715&ictx=111
2024-08-01 12:40:20,264 - root - INFO - Checking if URL is not google domain: https://www.google.com/search?q=Aavia+Aavia&sca_esv=de3e428f524f6eaa&biw=1280&bih=720&tbm=nws&source=lnt&tbs=qdr:h&sa=X&ved=2ahUKEwiI4OvtndSHAxUykYkEHXKtMRcQpwV6BAgEEAc
2024-08-01 12:40:20,264 - root - INFO - Checking if URL is not google domain: https://www.google.com/search?q=Aavia+Aavia&sca_esv=de3e428f524f6eaa&biw=1280&bih=720&tbm=nws&source=lnt&tbs=qdr:d&sa=X&ved=2ahUKEwiI4OvtndSHAxUykYkEHXKtMRcQpwV6BAgEEAg
2024-08-01 12:40:20,264 - root - INFO - Checking if URL is not google domain: https://www.google.com/search?q=Aavia+Aavia&sca_esv=de3e428f524f6eaa&biw=1280&bih=720&tbm=nws&source=lnt&tbs=qdr:w&sa=X&ved=2ahUKEwiI4OvtndSHAxUykYkEHXKtMRcQpwV6BAgEEAk
2024-08-01 12:40:20,264 - root - INFO - Checking if URL is not google domain: https://www.google.com/search?q=Aavia+Aavia&sca_esv=de3e428f524f6eaa&biw=1280&bih=720&tbm=nws&source=lnt&tbs=qdr:m&sa=X&ved=2ahUKEwiI4OvtndSHAxUykYkEHXKtMRcQpwV6BAgEEAo
2024-08-01 12:40:20,264 - root - INFO - Checking if URL is not google domain: https://www.google.com/search?q=Aavia+Aavia&sca_esv=de3e428f524f6eaa&biw=1280&bih=720&tbm=nws&source=lnt&tbs=qdr:y&sa=X&ved=2ahUKEwiI4OvtndSHAxUykYkEHXKtMRcQpwV6BAgEEAs
2024-08-01 12:40:20,264 - root - INFO - Checking if URL is not google domain: https://www.google.com/search?q=Aavia+Aavia&sca_esv=de3e428f524f6eaa&biw=1280&bih=720&tbm=nws&source=lnt&tbs=ar:1&sa=X&ved=2ahUKEwiI4OvtndSHAxUykYkEHXKtMRcQpwV6BAgEEAw
2024-08-01 12:40:20,264 - root - INFO - Checking if URL is not google domain: https://www.google.com/search?q=Aavia+Aavia&sca_esv=de3e428f524f6eaa&biw=1280&bih=720&tbm=nws&source=lnt&tbs=sbd:1&sa=X&ved=2ahUKEwiI4OvtndSHAxUykYkEHXKtMRcQpwV6BAgEEBQ
2024-08-01 12:40:20,265 - root - INFO - Checking if URL is not google domain: http://news.google.com/news/advanced_news_search?sca_esv=de3e428f524f6eaa&q=Aavia+Aavia&fbs=AEQNm0DH_Oa7AMVBTQNQQ_oTVW6BqUtTT-OvZQVpynIG7-Bc1ErEU-6gsOzEBCa_j-pPh-oRx44UYgyDO-4beZaVmK-RyQR4-7ZmpcAi7d-1IPJcTGlf3DUTUtCV6jJE6MGgmU10eM6GGhnBY8S-d-QE0ApXmiUHOdTUwwdXGvXkrETwGSvEzPxp4Q7BbK2vFw2d7WemTOhf_xA7I2hGrZrc0NOGov40rw&biw=1280&bih=720&dpr=1
2024-08-01 12:40:20,265 - root - INFO - Checking if URL is not google domain: https://www.google.com/history/optout?hl=en
2024-08-01 12:40:20,265 - root - INFO - Checking if URL is not google domain: https://www.google.com/safesearch?prev=https://www.google.com/search?sca_esv%3Dde3e428f524f6eaa%26q%3DAavia%2BAavia%26tbm%3Dnws%26source%3Dlnms%26fbs%3DAEQNm0DH_Oa7AMVBTQNQQ_oTVW6BqUtTT-OvZQVpynIG7-Bc1ErEU-6gsOzEBCa_j-pPh-oRx44UYgyDO-4beZaVmK-RyQR4-7ZmpcAi7d-1IPJcTGlf3DUTUtCV6jJE6MGgmU10eM6GGhnBY8S-d-QE0ApXmiUHOdTUwwdXGvXkrETwGSvEzPxp4Q7BbK2vFw2d7WemTOhf_xA7I2hGrZrc0NOGov40rw%26sa%3DX%26ved%3D2ahUKEwiBssPsndSHAxXWlYkEHbNdPdoQ0pQJegQICRAB%26biw%3D1280%26bih%3D720%26dpr%3D1&sa=X&ved=2ahUKEwiI4OvtndSHAxUykYkEHXKtMRcQ8JsIegQIBRAG
2024-08-01 12:40:20,265 - root - INFO - Checking if URL is not google domain: https://www.google.com/preferences?lang=1&hl=en&prev=https://www.google.com/search?q%3DAavia%2BAavia%26sa%3DX%26sca_esv%3Dde3e428f524f6eaa%26biw%3D1280%26bih%3D720%26tbm%3Dnws#languages
2024-08-01 12:40:20,265 - root - INFO - Checking if URL is not google domain: https://www.google.com/setprefs?hl=en&prev=https://www.google.com/search?sca_esv%3Dde3e428f524f6eaa%26q%3DAavia%2BAavia%26tbm%3Dnws%26source%3Dlnms%26fbs%3DAEQNm0DH_Oa7AMVBTQNQQ_oTVW6BqUtTT-OvZQVpynIG7-Bc1ErEU-6gsOzEBCa_j-pPh-oRx44UYgyDO-4beZaVmK-RyQR4-7ZmpcAi7d-1IPJcTGlf3DUTUtCV6jJE6MGgmU10eM6GGhnBY8S-d-QE0ApXmiUHOdTUwwdXGvXkrETwGSvEzPxp4Q7BbK2vFw2d7WemTOhf_xA7I2hGrZrc0NOGov40rw%26sa%3DX%26ved%3D2ahUKEwiBssPsndSHAxXWlYkEHbNdPdoQ0pQJegQICRAB%26biw%3D1280%26bih%3D720%26dpr%3D1%26pccc%3D1&sig=0_hYIzNElZ1Kbss3Bh8RICqzWhKns%3D&cs=2&sa=X&ved=2ahUKEwiI4OvtndSHAxUykYkEHXKtMRcQqsEHegQIBRAI&ictx=1
2024-08-01 12:40:20,265 - root - INFO - Checking if URL is not google domain: https://www.google.com/preferences?hl=en&prev=https://www.google.com/search?q%3DAavia%2BAavia%26sa%3DX%26sca_esv%3Dde3e428f524f6eaa%26biw%3D1280%26bih%3D720%26tbm%3Dnws
2024-08-01 12:40:20,265 - root - INFO - Checking if URL is not google domain: https://newsinitiative.withgoogle.com/hownewsworks/?fg=1
2024-08-01 12:40:20,265 - root - INFO - URL is not google domain: https://newsinitiative.withgoogle.com/hownewsworks/?fg=1
2024-08-01 12:40:20,265 - root - INFO - Checking if URL is not google domain: https://support.google.com/websearch/?p=dsrp_search_hc&hl=en
2024-08-01 12:40:20,265 - root - INFO - Checking if URL is not google domain: https://policies.google.com/privacy?hl=en&fg=1
2024-08-01 12:40:20,265 - root - INFO - Checking if URL is not google domain: https://policies.google.com/terms?hl=en&fg=1
2024-08-01 12:40:20,265 - root - INFO - Checking if URL is not google domain: https://www.google.com/search?sca_esv=de3e428f524f6eaa&biw=1280&bih=720&tbm=nws&q=Ovia+Ovia&spell=1&sa=X&ved=2ahUKEwiI4OvtndSHAxUykYkEHXKtMRcQBSgAegQIBxAB
2024-08-01 12:40:20,266 - root - INFO - Checking if URL is not google domain: https://www.hercampus.com/wellness/aavia-period-tracking-app-taught-me-post-roe-v-wade/
2024-08-01 12:40:20,266 - root - INFO - URL is not google domain: https://www.hercampus.com/wellness/aavia-period-tracking-app-taught-me-post-roe-v-wade/
2024-08-01 12:40:20,266 - root - INFO - Checking if URL is not google domain: https://www.cnn.com/cnn-underscored/health-fitness/hoka-clifton-9-vs-avia-run-swift-sneakers
2024-08-01 12:40:20,266 - root - INFO - URL is not google domain: https://www.cnn.com/cnn-underscored/health-fitness/hoka-clifton-9-vs-avia-run-swift-sneakers
2024-08-01 12:40:20,266 - root - INFO - Checking if URL is not google domain: https://finance.yahoo.com/news/avia-homes-announces-striking-partnership-011800429.html
2024-08-01 12:40:20,266 - root - INFO - URL is not google domain: https://finance.yahoo.com/news/avia-homes-announces-striking-partnership-011800429.html
2024-08-01 12:40:20,266 - root - INFO - Checking if URL is not google domain: https://newsroom.aviator.aero/avia-solutions-group-concluded-acquisition-of-skytrans-airlines-expanding-to-12-aocs-worldwide/
2024-08-01 12:40:20,266 - root - INFO - URL is not google domain: https://newsroom.aviator.aero/avia-solutions-group-concluded-acquisition-of-skytrans-airlines-expanding-to-12-aocs-worldwide/
2024-08-01 12:40:20,266 - root - INFO - Checking if URL is not google domain: https://www.aerotime.aero/articles/avia-solutions-group-issues-300m-worth-of-new-bonds
2024-08-01 12:40:20,266 - root - INFO - URL is not google domain: https://www.aerotime.aero/articles/avia-solutions-group-issues-300m-worth-of-new-bonds
2024-08-01 12:40:20,266 - root - INFO - Checking if URL is not google domain: https://www.businesswire.com/news/home/20240222636721/en/Syllable-Named-to-AVIA-Marketplace%E2%80%99s-2024-Top-Digital-Front-Door-Companies
2024-08-01 12:40:20,266 - root - INFO - URL is not google domain: https://www.businesswire.com/news/home/20240222636721/en/Syllable-Named-to-AVIA-Marketplace%E2%80%99s-2024-Top-Digital-Front-Door-Companies
2024-08-01 12:40:20,267 - root - INFO - Checking if URL is not google domain: https://www.legacy.com/us/obituaries/name/avia-riley-obituary?id=54446360
2024-08-01 12:40:20,267 - root - INFO - URL is not google domain: https://www.legacy.com/us/obituaries/name/avia-riley-obituary?id=54446360
2024-08-01 12:40:20,267 - root - INFO - Checking if URL is not google domain: https://www.ch-aviation.com/news/137736-avia-solutions-group-closes-purchase-of-australias-skytrans
2024-08-01 12:40:20,267 - root - INFO - URL is not google domain: https://www.ch-aviation.com/news/137736-avia-solutions-group-closes-purchase-of-australias-skytrans
2024-08-01 12:40:20,267 - root - INFO - Checking if URL is not google domain: https://www.baltictimes.com/avia_solutions_group_issues__300m_worth_of_new_bonds/
2024-08-01 12:40:20,267 - root - INFO - URL is not google domain: https://www.baltictimes.com/avia_solutions_group_issues__300m_worth_of_new_bonds/
2024-08-01 12:40:20,267 - root - INFO - Checking if URL is not google domain: https://e-tangata.co.nz/reflections/tusiata-avia-a-strange-dance-with-friends/
2024-08-01 12:40:20,267 - root - INFO - URL is not google domain: https://e-tangata.co.nz/reflections/tusiata-avia-a-strange-dance-with-friends/
2024-08-01 12:40:20,267 - root - INFO - Checking if URL is not google domain: https://www.google.com/search?q=Aavia+Aavia&sca_esv=de3e428f524f6eaa&biw=1280&bih=720&tbm=nws&ei=crqrZojfM7KiptQP8trGuQE&start=10&sa=N&ved=2ahUKEwiI4OvtndSHAxUykYkEHXKtMRcQ8tMDegQIAhAE
2024-08-01 12:40:20,267 - root - INFO - Checking if URL is not google domain: https://www.google.com/search?q=Aavia+Aavia&sca_esv=de3e428f524f6eaa&biw=1280&bih=720&tbm=nws&ei=crqrZojfM7KiptQP8trGuQE&start=20&sa=N&ved=2ahUKEwiI4OvtndSHAxUykYkEHXKtMRcQ8tMDegQIAhAG
2024-08-01 12:40:20,267 - root - INFO - Checking if URL is not google domain: https://www.google.com/search?q=Aavia+Aavia&sca_esv=de3e428f524f6eaa&biw=1280&bih=720&tbm=nws&ei=crqrZojfM7KiptQP8trGuQE&start=30&sa=N&ved=2ahUKEwiI4OvtndSHAxUykYkEHXKtMRcQ8tMDegQIAhAI
2024-08-01 12:40:20,267 - root - INFO - Checking if URL is not google domain: https://www.google.com/search?q=Aavia+Aavia&sca_esv=de3e428f524f6eaa&biw=1280&bih=720&tbm=nws&ei=crqrZojfM7KiptQP8trGuQE&start=40&sa=N&ved=2ahUKEwiI4OvtndSHAxUykYkEHXKtMRcQ8tMDegQIAhAK
2024-08-01 12:40:20,268 - root - INFO - Checking if URL is not google domain: https://www.google.com/search?q=Aavia+Aavia&sca_esv=de3e428f524f6eaa&biw=1280&bih=720&tbm=nws&ei=crqrZojfM7KiptQP8trGuQE&start=50&sa=N&ved=2ahUKEwiI4OvtndSHAxUykYkEHXKtMRcQ8tMDegQIAhAM
2024-08-01 12:40:20,268 - root - INFO - Checking if URL is not google domain: https://www.google.com/search?q=Aavia+Aavia&sca_esv=de3e428f524f6eaa&biw=1280&bih=720&tbm=nws&ei=crqrZojfM7KiptQP8trGuQE&start=60&sa=N&ved=2ahUKEwiI4OvtndSHAxUykYkEHXKtMRcQ8tMDegQIAhAO
2024-08-01 12:40:20,268 - root - INFO - Checking if URL is not google domain: https://www.google.com/search?q=Aavia+Aavia&sca_esv=de3e428f524f6eaa&biw=1280&bih=720&tbm=nws&ei=crqrZojfM7KiptQP8trGuQE&start=70&sa=N&ved=2ahUKEwiI4OvtndSHAxUykYkEHXKtMRcQ8tMDegQIAhAQ
2024-08-01 12:40:20,268 - root - INFO - Checking if URL is not google domain: https://www.google.com/search?q=Aavia+Aavia&sca_esv=de3e428f524f6eaa&biw=1280&bih=720&tbm=nws&ei=crqrZojfM7KiptQP8trGuQE&start=10&sa=N&ved=2ahUKEwiI4OvtndSHAxUykYkEHXKtMRcQ8NMDegQIAhAS
2024-08-01 12:40:20,268 - root - INFO - Checking if URL is not google domain: https://www.google.com/search?sca_esv=de3e428f524f6eaa&q=Aavia+Aavia&tbm=nws&source=lnms&fbs=AEQNm0DH_Oa7AMVBTQNQQ_oTVW6BqUtTT-OvZQVpynIG7-Bc1ErEU-6gsOzEBCa_j-pPh-oRx44UYgyDO-4beZaVmK-RyQR4-7ZmpcAi7d-1IPJcTGlf3DUTUtCV6jJE6MGgmU10eM6GGhnBY8S-d-QE0ApXmiUHOdTUwwdXGvXkrETwGSvEzPxp4Q7BbK2vFw2d7WemTOhf_xA7I2hGrZrc0NOGov40rw&sa=X&ved=2ahUKEwiBssPsndSHAxXWlYkEHbNdPdoQ0pQJegQICRAB&biw=1280&bih=720&dpr=1#
2024-08-01 12:40:20,268 - root - INFO - Final List of URLs Created
2024-08-01 12:40:20,399 - root - INFO - Browser Closed and returning final_list
2024-08-01 12:40:20,400 - root - INFO - Google Extraction Completed
2024-08-01 12:40:20,413 - GenericCleaner - INFO - Starting Cleaning
2024-08-01 12:40:20,414 - GenericCleaner - INFO - Starting cleaning process
2024-08-01 12:40:20,415 - GenericCleaner - INFO - Initial number of rows: 14
2024-08-01 12:40:20,417 - GenericCleaner - INFO - Number of rows with invalid URLs: 3
2024-08-01 12:40:20,419 - GenericCleaner - INFO - URLs starting with '/': 0
2024-08-01 12:40:20,419 - GenericCleaner - INFO - URLs starting with '//': 0
2024-08-01 12:40:20,419 - GenericCleaner - INFO - Saved 'AfterConvertingInvalidURLs.csv'
2024-08-01 12:40:20,420 - GenericCleaner - INFO - Number of duplicate rows removed: 0
2024-08-01 12:40:20,420 - GenericCleaner - INFO - Cleaning process completed
2024-08-01 12:40:20,420 - GenericCleaner - INFO - Cleaning Completed
2024-08-01 12:40:20,421 - root - INFO - Creating JSON Object for articles
2024-08-01 12:40:20,421 - root - INFO - JSON Article Object Created
2024-08-01 12:40:20,421 - WebsiteDataExtractor - INFO - Starting Extracting Main Content of Article
2024-08-01 12:40:20,422 - WebsiteDataExtractor - INFO - processing index 0-> https://newsinitiative.withgoogle.com/hownewsworks/?fg=1
2024-08-01 12:40:20,422 - WebsiteDataExtractor - INFO - Processing URL: https://newsinitiative.withgoogle.com/hownewsworks/?fg=1
2024-08-01 12:40:20,425 - urllib3.connectionpool - DEBUG - Starting new HTTPS connection (1): newsinitiative.withgoogle.com:443
2024-08-01 12:40:20,576 - urllib3.connectionpool - DEBUG - https://newsinitiative.withgoogle.com:443 "GET /hownewsworks/?fg=1 HTTP/11" 200 6755
2024-08-01 12:40:20,577 - WebsiteDataExtractor - INFO - Response extraction completed
2024-08-01 12:40:20,577 - WebsiteDataExtractor - INFO - Processing Finished for URL: https://newsinitiative.withgoogle.com/hownewsworks/?fg=1
2024-08-01 12:40:20,577 - WebsiteDataExtractor - INFO - Waiting 1 second for the page to load
2024-08-01 12:40:21,578 - WebsiteDataExtractor - INFO - Extracting HTML after waiting
2024-08-01 12:40:21,579 - WebsiteDataExtractor - INFO - Extracting main text
2024-08-01 12:40:21,581 - trafilatura.main_extractor - DEBUG - Recovering wild text elements
2024-08-01 12:40:21,583 - WebsiteDataExtractor - INFO - Extracting main text completed
2024-08-01 12:40:21,583 - WebsiteDataExtractor - INFO - Getting title
2024-08-01 12:40:21,589 - WebsiteDataExtractor - INFO - Finished Extracting title
2024-08-01 12:40:21,589 - WebsiteDataExtractor - INFO - Getting Date Of Article
2024-08-01 12:40:21,604 - WebsiteDataExtractor - INFO - Extracted Date Of Article
2024-08-01 12:40:21,605 - WebsiteDataExtractor - INFO - Adding New Row To The Dataframe
2024-08-01 12:40:21,606 - WebsiteDataExtractor - INFO - Added New Row To The DataFrame
2024-08-01 12:40:21,607 - WebsiteDataExtractor - INFO - processing index 1-> https://www.hercampus.com/wellness/aavia-period-tracking-app-taught-me-post-roe-v-wade/
2024-08-01 12:40:21,607 - WebsiteDataExtractor - INFO - Processing URL: https://www.hercampus.com/wellness/aavia-period-tracking-app-taught-me-post-roe-v-wade/
2024-08-01 12:40:21,608 - urllib3.connectionpool - DEBUG - Starting new HTTPS connection (1): www.hercampus.com:443
2024-08-01 12:40:21,913 - urllib3.connectionpool - DEBUG - https://www.hercampus.com:443 "GET /wellness/aavia-period-tracking-app-taught-me-post-roe-v-wade/ HTTP/11" 200 None
2024-08-01 12:40:22,060 - WebsiteDataExtractor - INFO - Response extraction completed
2024-08-01 12:40:22,061 - WebsiteDataExtractor - INFO - Processing Finished for URL: https://www.hercampus.com/wellness/aavia-period-tracking-app-taught-me-post-roe-v-wade/
2024-08-01 12:40:22,061 - WebsiteDataExtractor - INFO - Waiting 1 second for the page to load
2024-08-01 12:40:23,062 - WebsiteDataExtractor - INFO - Extracting HTML after waiting
2024-08-01 12:40:23,064 - WebsiteDataExtractor - INFO - Extracting main text
2024-08-01 12:40:23,083 - trafilatura.main_extractor - DEBUG - ['blockquote', 'code', 'del', 'head', 'hi', 'lb', 'list', 'p', 'pre', 'quote']
2024-08-01 12:40:23,083 - trafilatura.main_extractor - DEBUG - discarding element: div 



2024-08-01 12:40:23,083 - trafilatura.main_extractor - DEBUG - discarding element: div 



2024-08-01 12:40:23,083 - trafilatura.main_extractor - DEBUG - .//*[(self::article or self::div or self::main or self::section)][
    @class="post" or @class="entry" or
    contains(@class, "post-text") or contains(@class, "post_text") or
    contains(@class, "post-body") or contains(@class, "post-entry") or contains(@class, "postentry") or
    contains(@class, "post-content") or contains(@class, "post_content") or
    contains(@class, "postcontent") or contains(@class, "postContent") or contains(@class, "post_inner_wrapper") or
    contains(@class, "article-text") or contains(@class, "articletext") or contains(@class, "articleText")
    or contains(@id, "entry-content") or
    contains(@class, "entry-content") or contains(@id, "article-content") or
    contains(@class, "article-content") or contains(@id, "article__content") or
    contains(@class, "article__content") or contains(@id, "article-body") or
    contains(@class, "article-body") or contains(@id, "article__body") or
    contains(@class, "article__body") or @itemprop="articleBody" or
    contains(translate(@id, "B", "b"), "articlebody") or contains(translate(@class, "B", "b"), "articleBody")
    or @id="articleContent" or contains(@class, "ArticleContent") or
    contains(@class, "page-content") or contains(@class, "text-content") or
    contains(@id, "body-text") or contains(@class, "body-text") or
    contains(@class, "article__container") or contains(@id, "art-content") or contains(@class, "art-content")][1]
2024-08-01 12:40:23,085 - WebsiteDataExtractor - INFO - Extracting main text completed
2024-08-01 12:40:23,086 - WebsiteDataExtractor - INFO - Getting title
2024-08-01 12:40:23,163 - WebsiteDataExtractor - INFO - Finished Extracting title
2024-08-01 12:40:23,163 - WebsiteDataExtractor - INFO - Getting Date Of Article
2024-08-01 12:40:23,172 - WebsiteDataExtractor - INFO - Extracted Date Of Article
2024-08-01 12:40:23,173 - WebsiteDataExtractor - INFO - Adding New Row To The Dataframe
2024-08-01 12:40:23,174 - WebsiteDataExtractor - INFO - Added New Row To The DataFrame
2024-08-01 12:40:23,175 - WebsiteDataExtractor - INFO - processing index 2-> https://www.cnn.com/cnn-underscored/health-fitness/hoka-clifton-9-vs-avia-run-swift-sneakers
2024-08-01 12:40:23,175 - WebsiteDataExtractor - INFO - Processing URL: https://www.cnn.com/cnn-underscored/health-fitness/hoka-clifton-9-vs-avia-run-swift-sneakers
2024-08-01 12:40:23,176 - urllib3.connectionpool - DEBUG - Starting new HTTPS connection (1): www.cnn.com:443
2024-08-01 12:40:23,316 - urllib3.connectionpool - DEBUG - https://www.cnn.com:443 "GET /cnn-underscored/health-fitness/hoka-clifton-9-vs-avia-run-swift-sneakers HTTP/11" 200 534856
2024-08-01 12:40:23,368 - WebsiteDataExtractor - INFO - Response extraction completed
2024-08-01 12:40:23,369 - WebsiteDataExtractor - INFO - Processing Finished for URL: https://www.cnn.com/cnn-underscored/health-fitness/hoka-clifton-9-vs-avia-run-swift-sneakers
2024-08-01 12:40:23,369 - WebsiteDataExtractor - INFO - Waiting 1 second for the page to load
2024-08-01 12:40:24,370 - WebsiteDataExtractor - INFO - Extracting HTML after waiting
2024-08-01 12:40:24,382 - WebsiteDataExtractor - INFO - Extracting main text
2024-08-01 12:40:24,460 - trafilatura.htmlprocessing - DEBUG - list link text/total: 22/22 – short elems/total: 0/1
2024-08-01 12:40:24,460 - trafilatura.htmlprocessing - DEBUG - list link text/total: 14/227 – short elems/total: 0/1
2024-08-01 12:40:24,460 - trafilatura.htmlprocessing - DEBUG - list link text/total: 14/14 – short elems/total: 0/1
2024-08-01 12:40:24,460 - trafilatura.main_extractor - DEBUG - ['blockquote', 'code', 'del', 'head', 'hi', 'lb', 'list', 'p', 'pre', 'quote']
2024-08-01 12:40:24,461 - trafilatura.main_extractor - DEBUG - discarding element: div 
                    

2024-08-01 12:40:24,461 - trafilatura.main_extractor - DEBUG - discarding element: div 
        
2024-08-01 12:40:24,461 - trafilatura.main_extractor - DEBUG - discarding element: div 
            
2024-08-01 12:40:24,461 - trafilatura.main_extractor - DEBUG - discarding element: div 
                


2024-08-01 12:40:24,461 - trafilatura.main_extractor - DEBUG - discarding element: div 
        
        
        
2024-08-01 12:40:24,461 - trafilatura.main_extractor - DEBUG - discarding element: div None
2024-08-01 12:40:24,461 - trafilatura.main_extractor - DEBUG - discarding element: div 
        
        
        
2024-08-01 12:40:24,461 - trafilatura.main_extractor - DEBUG - discarding element: div None
2024-08-01 12:40:24,461 - trafilatura.main_extractor - DEBUG - discarding element: div 

    

2024-08-01 12:40:24,461 - trafilatura.main_extractor - DEBUG - discarding element: div 
      
    
2024-08-01 12:40:24,461 - trafilatura.main_extractor - DEBUG - discarding element: div 
       
    
2024-08-01 12:40:24,461 - trafilatura.main_extractor - DEBUG - discarding element: div 
        
2024-08-01 12:40:24,461 - trafilatura.main_extractor - DEBUG - discarding element: div 
            
        
2024-08-01 12:40:24,461 - trafilatura.main_extractor - DEBUG - discarding element: div 
      
    
2024-08-01 12:40:24,461 - trafilatura.main_extractor - DEBUG - discarding element: div 
       
    
2024-08-01 12:40:24,461 - trafilatura.main_extractor - DEBUG - discarding element: div 
        
2024-08-01 12:40:24,461 - trafilatura.main_extractor - DEBUG - discarding element: div 
            
        
2024-08-01 12:40:24,461 - trafilatura.main_extractor - DEBUG - discarding element: div 
      
    
2024-08-01 12:40:24,461 - trafilatura.main_extractor - DEBUG - discarding element: div 
       
    
2024-08-01 12:40:24,461 - trafilatura.main_extractor - DEBUG - discarding element: div 
      
    
2024-08-01 12:40:24,461 - trafilatura.main_extractor - DEBUG - discarding element: div 
       
    
2024-08-01 12:40:24,462 - trafilatura.main_extractor - DEBUG - discarding element: div 
                  
                
2024-08-01 12:40:24,462 - trafilatura.main_extractor - DEBUG - .//*[(self::article or self::div or self::main or self::section)][
    @class="post" or @class="entry" or
    contains(@class, "post-text") or contains(@class, "post_text") or
    contains(@class, "post-body") or contains(@class, "post-entry") or contains(@class, "postentry") or
    contains(@class, "post-content") or contains(@class, "post_content") or
    contains(@class, "postcontent") or contains(@class, "postContent") or contains(@class, "post_inner_wrapper") or
    contains(@class, "article-text") or contains(@class, "articletext") or contains(@class, "articleText")
    or contains(@id, "entry-content") or
    contains(@class, "entry-content") or contains(@id, "article-content") or
    contains(@class, "article-content") or contains(@id, "article__content") or
    contains(@class, "article__content") or contains(@id, "article-body") or
    contains(@class, "article-body") or contains(@id, "article__body") or
    contains(@class, "article__body") or @itemprop="articleBody" or
    contains(translate(@id, "B", "b"), "articlebody") or contains(translate(@class, "B", "b"), "articleBody")
    or @id="articleContent" or contains(@class, "ArticleContent") or
    contains(@class, "page-content") or contains(@class, "text-content") or
    contains(@id, "body-text") or contains(@class, "body-text") or
    contains(@class, "article__container") or contains(@id, "art-content") or contains(@class, "art-content")][1]
2024-08-01 12:40:24,466 - WebsiteDataExtractor - INFO - Extracting main text completed
2024-08-01 12:40:24,466 - WebsiteDataExtractor - INFO - Getting title
2024-08-01 12:40:24,598 - WebsiteDataExtractor - INFO - Finished Extracting title
2024-08-01 12:40:24,598 - WebsiteDataExtractor - INFO - Getting Date Of Article
2024-08-01 12:40:24,660 - WebsiteDataExtractor - INFO - Extracted Date Of Article
2024-08-01 12:40:24,661 - WebsiteDataExtractor - INFO - Adding New Row To The Dataframe
2024-08-01 12:40:24,662 - WebsiteDataExtractor - INFO - Added New Row To The DataFrame
2024-08-01 12:40:24,665 - WebsiteDataExtractor - INFO - processing index 3-> https://finance.yahoo.com/news/avia-homes-announces-striking-partnership-011800429.html
2024-08-01 12:40:24,665 - WebsiteDataExtractor - INFO - Processing URL: https://finance.yahoo.com/news/avia-homes-announces-striking-partnership-011800429.html
2024-08-01 12:40:24,666 - urllib3.connectionpool - DEBUG - Starting new HTTPS connection (1): finance.yahoo.com:443
2024-08-01 12:40:25,016 - urllib3.connectionpool - DEBUG - https://finance.yahoo.com:443 "GET /news/avia-homes-announces-striking-partnership-011800429.html HTTP/11" 200 None
2024-08-01 12:40:25,242 - WebsiteDataExtractor - INFO - Response extraction completed
2024-08-01 12:40:25,242 - WebsiteDataExtractor - INFO - Processing Finished for URL: https://finance.yahoo.com/news/avia-homes-announces-striking-partnership-011800429.html
2024-08-01 12:40:25,242 - WebsiteDataExtractor - INFO - Waiting 1 second for the page to load
2024-08-01 12:40:26,244 - WebsiteDataExtractor - INFO - Extracting HTML after waiting
2024-08-01 12:40:26,247 - WebsiteDataExtractor - INFO - Extracting main text
2024-08-01 12:40:26,277 - trafilatura.htmlprocessing - DEBUG - list link text/total: 8/78 – short elems/total: 1/1
2024-08-01 12:40:26,278 - trafilatura.htmlprocessing - DEBUG - list link text/total: 8/8 – short elems/total: 1/1
2024-08-01 12:40:26,278 - trafilatura.main_extractor - DEBUG - ['blockquote', 'code', 'del', 'head', 'hi', 'lb', 'list', 'p', 'pre', 'quote']
2024-08-01 12:40:26,278 - trafilatura.main_extractor - DEBUG - discarding element: div None
2024-08-01 12:40:26,278 - trafilatura.main_extractor - DEBUG - discarding element: div None
2024-08-01 12:40:26,278 - trafilatura.main_extractor - DEBUG - discarding element: div None
2024-08-01 12:40:26,278 - trafilatura.main_extractor - DEBUG - discarding element: div None
2024-08-01 12:40:26,278 - trafilatura.main_extractor - DEBUG - discarding element: div None
2024-08-01 12:40:26,278 - trafilatura.main_extractor - DEBUG - discarding element: div None
2024-08-01 12:40:26,278 - trafilatura.main_extractor - DEBUG - discarding element: div None
2024-08-01 12:40:26,278 - trafilatura.main_extractor - DEBUG - discarding element: header None
2024-08-01 12:40:26,278 - trafilatura.main_extractor - DEBUG - discarding element: div None
2024-08-01 12:40:26,278 - trafilatura.main_extractor - DEBUG - discarding element: div None
2024-08-01 12:40:26,278 - trafilatura.main_extractor - DEBUG - discarding element: div None
2024-08-01 12:40:26,278 - trafilatura.main_extractor - DEBUG - discarding element: div None
2024-08-01 12:40:26,278 - trafilatura.main_extractor - DEBUG - discarding element: div None
2024-08-01 12:40:26,279 - trafilatura.main_extractor - DEBUG - extra p within p: p To view an enhanced version of this graphic, please visit: None
2024-08-01 12:40:26,279 - trafilatura.main_extractor - DEBUG - discarding element: div None
2024-08-01 12:40:26,279 - trafilatura.main_extractor - DEBUG - discarding element: div None
2024-08-01 12:40:26,279 - trafilatura.main_extractor - DEBUG - extra p within p: p Website URL: https://aviahomes.com.au/  None
2024-08-01 12:40:26,279 - trafilatura.main_extractor - DEBUG - (.//article)[1]
2024-08-01 12:40:26,282 - WebsiteDataExtractor - INFO - Extracting main text completed
2024-08-01 12:40:26,283 - WebsiteDataExtractor - INFO - Getting title
2024-08-01 12:40:26,357 - WebsiteDataExtractor - INFO - Finished Extracting title
2024-08-01 12:40:26,358 - WebsiteDataExtractor - INFO - Getting Date Of Article
2024-08-01 12:40:26,374 - WebsiteDataExtractor - INFO - Extracted Date Of Article
2024-08-01 12:40:26,374 - WebsiteDataExtractor - INFO - Adding New Row To The Dataframe
2024-08-01 12:40:26,375 - WebsiteDataExtractor - INFO - Added New Row To The DataFrame
2024-08-01 12:40:26,376 - WebsiteDataExtractor - INFO - processing index 4-> https://newsroom.aviator.aero/avia-solutions-group-concluded-acquisition-of-skytrans-airlines-expanding-to-12-aocs-worldwide/
2024-08-01 12:40:26,376 - WebsiteDataExtractor - INFO - Processing URL: https://newsroom.aviator.aero/avia-solutions-group-concluded-acquisition-of-skytrans-airlines-expanding-to-12-aocs-worldwide/
2024-08-01 12:40:26,377 - urllib3.connectionpool - DEBUG - Starting new HTTPS connection (1): newsroom.aviator.aero:443
2024-08-01 12:40:27,077 - urllib3.connectionpool - DEBUG - https://newsroom.aviator.aero:443 "GET /avia-solutions-group-concluded-acquisition-of-skytrans-airlines-expanding-to-12-aocs-worldwide/ HTTP/11" 200 11293
2024-08-01 12:40:27,077 - WebsiteDataExtractor - INFO - Response extraction completed
2024-08-01 12:40:27,078 - WebsiteDataExtractor - INFO - Processing Finished for URL: https://newsroom.aviator.aero/avia-solutions-group-concluded-acquisition-of-skytrans-airlines-expanding-to-12-aocs-worldwide/
2024-08-01 12:40:27,078 - WebsiteDataExtractor - INFO - Waiting 1 second for the page to load
2024-08-01 12:40:28,079 - WebsiteDataExtractor - INFO - Extracting HTML after waiting
2024-08-01 12:40:28,079 - WebsiteDataExtractor - INFO - Extracting main text
2024-08-01 12:40:28,082 - trafilatura.main_extractor - DEBUG - ['blockquote', 'code', 'del', 'head', 'hi', 'lb', 'list', 'p', 'pre', 'quote']
2024-08-01 12:40:28,082 - trafilatura.main_extractor - DEBUG - .//*[(self::article or self::div or self::main or self::section)][
    @class="post" or @class="entry" or
    contains(@class, "post-text") or contains(@class, "post_text") or
    contains(@class, "post-body") or contains(@class, "post-entry") or contains(@class, "postentry") or
    contains(@class, "post-content") or contains(@class, "post_content") or
    contains(@class, "postcontent") or contains(@class, "postContent") or contains(@class, "post_inner_wrapper") or
    contains(@class, "article-text") or contains(@class, "articletext") or contains(@class, "articleText")
    or contains(@id, "entry-content") or
    contains(@class, "entry-content") or contains(@id, "article-content") or
    contains(@class, "article-content") or contains(@id, "article__content") or
    contains(@class, "article__content") or contains(@id, "article-body") or
    contains(@class, "article-body") or contains(@id, "article__body") or
    contains(@class, "article__body") or @itemprop="articleBody" or
    contains(translate(@id, "B", "b"), "articlebody") or contains(translate(@class, "B", "b"), "articleBody")
    or @id="articleContent" or contains(@class, "ArticleContent") or
    contains(@class, "page-content") or contains(@class, "text-content") or
    contains(@id, "body-text") or contains(@class, "body-text") or
    contains(@class, "article__container") or contains(@id, "art-content") or contains(@class, "art-content")][1]
2024-08-01 12:40:28,083 - WebsiteDataExtractor - INFO - Extracting main text completed
2024-08-01 12:40:28,083 - WebsiteDataExtractor - INFO - Getting title
2024-08-01 12:40:28,089 - WebsiteDataExtractor - INFO - Finished Extracting title
2024-08-01 12:40:28,089 - WebsiteDataExtractor - INFO - Getting Date Of Article
2024-08-01 12:40:28,090 - WebsiteDataExtractor - INFO - Extracted Date Of Article
2024-08-01 12:40:28,091 - WebsiteDataExtractor - INFO - Adding New Row To The Dataframe
2024-08-01 12:40:28,093 - WebsiteDataExtractor - INFO - Added New Row To The DataFrame
2024-08-01 12:40:28,093 - WebsiteDataExtractor - INFO - processing index 5-> https://www.aerotime.aero/articles/avia-solutions-group-issues-300m-worth-of-new-bonds
2024-08-01 12:40:28,094 - WebsiteDataExtractor - INFO - Processing URL: https://www.aerotime.aero/articles/avia-solutions-group-issues-300m-worth-of-new-bonds
2024-08-01 12:40:28,095 - urllib3.connectionpool - DEBUG - Starting new HTTPS connection (1): www.aerotime.aero:443
2024-08-01 12:40:28,205 - urllib3.connectionpool - DEBUG - https://www.aerotime.aero:443 "GET /articles/avia-solutions-group-issues-300m-worth-of-new-bonds HTTP/11" 200 31470
2024-08-01 12:40:28,218 - WebsiteDataExtractor - INFO - Response extraction completed
2024-08-01 12:40:28,218 - WebsiteDataExtractor - INFO - Processing Finished for URL: https://www.aerotime.aero/articles/avia-solutions-group-issues-300m-worth-of-new-bonds
2024-08-01 12:40:28,218 - WebsiteDataExtractor - INFO - Waiting 1 second for the page to load
2024-08-01 12:40:29,219 - WebsiteDataExtractor - INFO - Extracting HTML after waiting
2024-08-01 12:40:29,220 - WebsiteDataExtractor - INFO - Extracting main text
2024-08-01 12:40:29,226 - trafilatura.main_extractor - DEBUG - ['blockquote', 'code', 'del', 'head', 'hi', 'lb', 'list', 'p', 'pre', 'quote']
2024-08-01 12:40:29,227 - trafilatura.main_extractor - DEBUG - .//*[(self::article or self::div or self::main or self::section)][
    @class="post" or @class="entry" or
    contains(@class, "post-text") or contains(@class, "post_text") or
    contains(@class, "post-body") or contains(@class, "post-entry") or contains(@class, "postentry") or
    contains(@class, "post-content") or contains(@class, "post_content") or
    contains(@class, "postcontent") or contains(@class, "postContent") or contains(@class, "post_inner_wrapper") or
    contains(@class, "article-text") or contains(@class, "articletext") or contains(@class, "articleText")
    or contains(@id, "entry-content") or
    contains(@class, "entry-content") or contains(@id, "article-content") or
    contains(@class, "article-content") or contains(@id, "article__content") or
    contains(@class, "article__content") or contains(@id, "article-body") or
    contains(@class, "article-body") or contains(@id, "article__body") or
    contains(@class, "article__body") or @itemprop="articleBody" or
    contains(translate(@id, "B", "b"), "articlebody") or contains(translate(@class, "B", "b"), "articleBody")
    or @id="articleContent" or contains(@class, "ArticleContent") or
    contains(@class, "page-content") or contains(@class, "text-content") or
    contains(@id, "body-text") or contains(@class, "body-text") or
    contains(@class, "article__container") or contains(@id, "art-content") or contains(@class, "art-content")][1]
2024-08-01 12:40:29,227 - WebsiteDataExtractor - INFO - Extracting main text completed
2024-08-01 12:40:29,228 - WebsiteDataExtractor - INFO - Getting title
2024-08-01 12:40:29,248 - WebsiteDataExtractor - INFO - Finished Extracting title
2024-08-01 12:40:29,248 - WebsiteDataExtractor - INFO - Getting Date Of Article
2024-08-01 12:40:29,251 - WebsiteDataExtractor - INFO - Extracted Date Of Article
2024-08-01 12:40:29,252 - WebsiteDataExtractor - INFO - Adding New Row To The Dataframe
2024-08-01 12:40:29,253 - WebsiteDataExtractor - INFO - Added New Row To The DataFrame
2024-08-01 12:40:29,253 - WebsiteDataExtractor - INFO - processing index 6-> https://www.businesswire.com/news/home/20240222636721/en/Syllable-Named-to-AVIA-Marketplace%E2%80%99s-2024-Top-Digital-Front-Door-Companies
2024-08-01 12:40:29,253 - WebsiteDataExtractor - INFO - Processing URL: https://www.businesswire.com/news/home/20240222636721/en/Syllable-Named-to-AVIA-Marketplace%E2%80%99s-2024-Top-Digital-Front-Door-Companies
2024-08-01 12:40:29,254 - urllib3.connectionpool - DEBUG - Starting new HTTPS connection (1): www.businesswire.com:443
2024-08-01 12:40:29,455 - urllib3.connectionpool - DEBUG - https://www.businesswire.com:443 "GET /news/home/20240222636721/en/Syllable-Named-to-AVIA-Marketplace%E2%80%99s-2024-Top-Digital-Front-Door-Companies HTTP/11" 403 552
2024-08-01 12:40:29,456 - WebsiteDataExtractor - INFO - Response extraction completed
2024-08-01 12:40:29,456 - WebsiteDataExtractor - INFO - Processing Finished for URL: https://www.businesswire.com/news/home/20240222636721/en/Syllable-Named-to-AVIA-Marketplace%E2%80%99s-2024-Top-Digital-Front-Door-Companies
2024-08-01 12:40:29,456 - WebsiteDataExtractor - INFO - Waiting 1 second for the page to load
2024-08-01 12:40:30,458 - WebsiteDataExtractor - INFO - Extracting HTML after waiting
2024-08-01 12:40:30,458 - WebsiteDataExtractor - INFO - Extracting main text
2024-08-01 12:40:30,459 - trafilatura.main_extractor - DEBUG - Recovering wild text elements
2024-08-01 12:40:30,459 - trafilatura.core - DEBUG - non-clean extracted length: 103 (extraction)
2024-08-01 12:40:30,460 - WebsiteDataExtractor - INFO - Extracting main text completed
2024-08-01 12:40:30,460 - WebsiteDataExtractor - INFO - Getting title
2024-08-01 12:40:30,460 - WebsiteDataExtractor - INFO - Finished Extracting title
2024-08-01 12:40:30,460 - WebsiteDataExtractor - INFO - Getting Date Of Article
2024-08-01 12:40:30,461 - WebsiteDataExtractor - INFO - Extracted Date Of Article
2024-08-01 12:40:30,462 - WebsiteDataExtractor - INFO - Adding New Row To The Dataframe
2024-08-01 12:40:30,463 - WebsiteDataExtractor - INFO - Added New Row To The DataFrame
2024-08-01 12:40:30,463 - WebsiteDataExtractor - INFO - processing index 7-> https://www.legacy.com/us/obituaries/name/avia-riley-obituary?id=54446360
2024-08-01 12:40:30,463 - WebsiteDataExtractor - INFO - Processing URL: https://www.legacy.com/us/obituaries/name/avia-riley-obituary?id=54446360
2024-08-01 12:40:30,464 - urllib3.connectionpool - DEBUG - Starting new HTTPS connection (1): www.legacy.com:443
2024-08-01 12:40:30,604 - urllib3.connectionpool - DEBUG - https://www.legacy.com:443 "GET /us/obituaries/name/avia-riley-obituary?id=54446360 HTTP/11" 200 None
2024-08-01 12:40:30,628 - WebsiteDataExtractor - INFO - Response extraction completed
2024-08-01 12:40:30,628 - WebsiteDataExtractor - INFO - Processing Finished for URL: https://www.legacy.com/us/obituaries/name/avia-riley-obituary?id=54446360
2024-08-01 12:40:30,628 - WebsiteDataExtractor - INFO - Waiting 1 second for the page to load
2024-08-01 12:40:31,630 - WebsiteDataExtractor - INFO - Extracting HTML after waiting
2024-08-01 12:40:31,630 - WebsiteDataExtractor - INFO - Extracting main text
2024-08-01 12:40:31,647 - trafilatura.main_extractor - DEBUG - Recovering wild text elements
2024-08-01 12:40:31,669 - trafilatura.htmlprocessing - DEBUG - list link text/total: 30/72 – short elems/total: 2/4
2024-08-01 12:40:31,670 - trafilatura.htmlprocessing - DEBUG - list link text/total: 15/16 – short elems/total: 1/2
2024-08-01 12:40:31,670 - trafilatura.htmlprocessing - DEBUG - list link text/total: 15/16 – short elems/total: 1/2
2024-08-01 12:40:31,670 - trafilatura.htmlprocessing - DEBUG - list link text/total: 5/6 – short elems/total: 1/1
2024-08-01 12:40:31,670 - trafilatura.htmlprocessing - DEBUG - list link text/total: 10/10 – short elems/total: 0/1
2024-08-01 12:40:31,670 - trafilatura.htmlprocessing - DEBUG - list link text/total: 15/16 – short elems/total: 1/2
2024-08-01 12:40:31,670 - trafilatura.htmlprocessing - DEBUG - list link text/total: 15/16 – short elems/total: 1/2
2024-08-01 12:40:31,670 - trafilatura.htmlprocessing - DEBUG - list link text/total: 5/6 – short elems/total: 1/1
2024-08-01 12:40:31,670 - trafilatura.htmlprocessing - DEBUG - list link text/total: 10/10 – short elems/total: 0/1
2024-08-01 12:40:31,670 - trafilatura.htmlprocessing - DEBUG - list link text/total: 34/87 – short elems/total: 0/1
2024-08-01 12:40:31,670 - trafilatura.htmlprocessing - DEBUG - list link text/total: 34/87 – short elems/total: 0/1
2024-08-01 12:40:31,671 - trafilatura.htmlprocessing - DEBUG - list link text/total: 34/87 – short elems/total: 0/1
2024-08-01 12:40:31,671 - trafilatura.htmlprocessing - DEBUG - list link text/total: 34/75 – short elems/total: 0/1
2024-08-01 12:40:31,671 - trafilatura.htmlprocessing - DEBUG - list link text/total: 14/58 – short elems/total: 0/1
2024-08-01 12:40:31,671 - trafilatura.htmlprocessing - DEBUG - list link text/total: 14/58 – short elems/total: 0/1
2024-08-01 12:40:31,671 - trafilatura.htmlprocessing - DEBUG - list link text/total: 10/255 – short elems/total: 0/1
2024-08-01 12:40:31,671 - trafilatura.htmlprocessing - DEBUG - list link text/total: 34/104 – short elems/total: 0/1
2024-08-01 12:40:31,671 - trafilatura.htmlprocessing - DEBUG - list link text/total: 86/130 – short elems/total: 0/5
2024-08-01 12:40:31,672 - trafilatura.htmlprocessing - DEBUG - list link text/total: 9/234 – short elems/total: 1/1
2024-08-01 12:40:31,672 - trafilatura.htmlprocessing - DEBUG - list link text/total: 9/234 – short elems/total: 1/1
2024-08-01 12:40:31,672 - trafilatura.htmlprocessing - DEBUG - list link text/total: 9/234 – short elems/total: 1/1
2024-08-01 12:40:31,672 - trafilatura.htmlprocessing - DEBUG - list link text/total: 9/234 – short elems/total: 1/1
2024-08-01 12:40:31,672 - trafilatura.htmlprocessing - DEBUG - list link text/total: 9/86 – short elems/total: 1/1
2024-08-01 12:40:31,672 - trafilatura.htmlprocessing - DEBUG - list link text/total: 9/86 – short elems/total: 1/1
2024-08-01 12:40:31,672 - trafilatura.htmlprocessing - DEBUG - list link text/total: 9/86 – short elems/total: 1/1
2024-08-01 12:40:31,672 - trafilatura.htmlprocessing - DEBUG - list link text/total: 9/86 – short elems/total: 1/1
2024-08-01 12:40:31,672 - trafilatura.htmlprocessing - DEBUG - list link text/total: 9/86 – short elems/total: 1/1
2024-08-01 12:40:31,672 - trafilatura.htmlprocessing - DEBUG - list link text/total: 9/147 – short elems/total: 1/1
2024-08-01 12:40:31,672 - trafilatura.htmlprocessing - DEBUG - list link text/total: 9/147 – short elems/total: 1/1
2024-08-01 12:40:31,672 - trafilatura.htmlprocessing - DEBUG - list link text/total: 9/147 – short elems/total: 1/1
2024-08-01 12:40:31,672 - trafilatura.htmlprocessing - DEBUG - list link text/total: 9/147 – short elems/total: 1/1
2024-08-01 12:40:31,672 - trafilatura.htmlprocessing - DEBUG - list link text/total: 9/154 – short elems/total: 1/1
2024-08-01 12:40:31,672 - trafilatura.htmlprocessing - DEBUG - list link text/total: 9/154 – short elems/total: 1/1
2024-08-01 12:40:31,672 - trafilatura.htmlprocessing - DEBUG - list link text/total: 9/154 – short elems/total: 1/1
2024-08-01 12:40:31,672 - trafilatura.htmlprocessing - DEBUG - list link text/total: 9/154 – short elems/total: 1/1
2024-08-01 12:40:31,672 - trafilatura.htmlprocessing - DEBUG - list link text/total: 9/154 – short elems/total: 1/1
2024-08-01 12:40:31,672 - trafilatura.htmlprocessing - DEBUG - list link text/total: 9/94 – short elems/total: 1/1
2024-08-01 12:40:31,672 - trafilatura.htmlprocessing - DEBUG - list link text/total: 9/94 – short elems/total: 1/1
2024-08-01 12:40:31,673 - trafilatura.htmlprocessing - DEBUG - list link text/total: 9/94 – short elems/total: 1/1
2024-08-01 12:40:31,673 - trafilatura.htmlprocessing - DEBUG - list link text/total: 9/94 – short elems/total: 1/1
2024-08-01 12:40:31,673 - trafilatura.htmlprocessing - DEBUG - list link text/total: 9/94 – short elems/total: 1/1
2024-08-01 12:40:31,673 - trafilatura.htmlprocessing - DEBUG - list link text/total: 9/149 – short elems/total: 1/1
2024-08-01 12:40:31,673 - trafilatura.htmlprocessing - DEBUG - list link text/total: 9/149 – short elems/total: 1/1
2024-08-01 12:40:31,673 - trafilatura.htmlprocessing - DEBUG - list link text/total: 9/149 – short elems/total: 1/1
2024-08-01 12:40:31,673 - trafilatura.htmlprocessing - DEBUG - list link text/total: 9/149 – short elems/total: 1/1
2024-08-01 12:40:31,673 - trafilatura.htmlprocessing - DEBUG - list link text/total: 9/177 – short elems/total: 1/1
2024-08-01 12:40:31,673 - trafilatura.htmlprocessing - DEBUG - list link text/total: 9/177 – short elems/total: 1/1
2024-08-01 12:40:31,673 - trafilatura.htmlprocessing - DEBUG - list link text/total: 9/177 – short elems/total: 1/1
2024-08-01 12:40:31,673 - trafilatura.htmlprocessing - DEBUG - list link text/total: 9/177 – short elems/total: 1/1
2024-08-01 12:40:31,673 - trafilatura.htmlprocessing - DEBUG - list link text/total: 9/116 – short elems/total: 1/1
2024-08-01 12:40:31,673 - trafilatura.htmlprocessing - DEBUG - list link text/total: 9/116 – short elems/total: 1/1
2024-08-01 12:40:31,673 - trafilatura.htmlprocessing - DEBUG - list link text/total: 9/116 – short elems/total: 1/1
2024-08-01 12:40:31,673 - trafilatura.htmlprocessing - DEBUG - list link text/total: 9/116 – short elems/total: 1/1
2024-08-01 12:40:31,673 - trafilatura.htmlprocessing - DEBUG - list link text/total: 9/116 – short elems/total: 1/1
2024-08-01 12:40:31,673 - trafilatura.htmlprocessing - DEBUG - list link text/total: 9/119 – short elems/total: 1/1
2024-08-01 12:40:31,673 - trafilatura.htmlprocessing - DEBUG - list link text/total: 9/119 – short elems/total: 1/1
2024-08-01 12:40:31,673 - trafilatura.htmlprocessing - DEBUG - list link text/total: 9/119 – short elems/total: 1/1
2024-08-01 12:40:31,673 - trafilatura.htmlprocessing - DEBUG - list link text/total: 9/119 – short elems/total: 1/1
2024-08-01 12:40:31,673 - trafilatura.htmlprocessing - DEBUG - list link text/total: 9/94 – short elems/total: 1/1
2024-08-01 12:40:31,673 - trafilatura.htmlprocessing - DEBUG - list link text/total: 9/94 – short elems/total: 1/1
2024-08-01 12:40:31,673 - trafilatura.htmlprocessing - DEBUG - list link text/total: 9/94 – short elems/total: 1/1
2024-08-01 12:40:31,673 - trafilatura.htmlprocessing - DEBUG - list link text/total: 9/94 – short elems/total: 1/1
2024-08-01 12:40:31,673 - trafilatura.htmlprocessing - DEBUG - list link text/total: 9/94 – short elems/total: 1/1
2024-08-01 12:40:31,674 - trafilatura.htmlprocessing - DEBUG - list link text/total: 9/133 – short elems/total: 1/1
2024-08-01 12:40:31,674 - trafilatura.htmlprocessing - DEBUG - list link text/total: 9/133 – short elems/total: 1/1
2024-08-01 12:40:31,674 - trafilatura.htmlprocessing - DEBUG - list link text/total: 9/133 – short elems/total: 1/1
2024-08-01 12:40:31,674 - trafilatura.htmlprocessing - DEBUG - list link text/total: 9/133 – short elems/total: 1/1
2024-08-01 12:40:31,674 - trafilatura.htmlprocessing - DEBUG - list link text/total: 9/115 – short elems/total: 1/1
2024-08-01 12:40:31,674 - trafilatura.htmlprocessing - DEBUG - list link text/total: 9/115 – short elems/total: 1/1
2024-08-01 12:40:31,674 - trafilatura.htmlprocessing - DEBUG - list link text/total: 9/115 – short elems/total: 1/1
2024-08-01 12:40:31,674 - trafilatura.htmlprocessing - DEBUG - list link text/total: 9/115 – short elems/total: 1/1
2024-08-01 12:40:31,674 - trafilatura.htmlprocessing - DEBUG - list link text/total: 9/115 – short elems/total: 1/1
2024-08-01 12:40:31,674 - trafilatura.htmlprocessing - DEBUG - list link text/total: 239/264 – short elems/total: 0/4
2024-08-01 12:40:31,674 - trafilatura.htmlprocessing - DEBUG - list link text/total: 69/69 – short elems/total: 0/1
2024-08-01 12:40:31,674 - trafilatura.htmlprocessing - DEBUG - list link text/total: 63/63 – short elems/total: 0/1
2024-08-01 12:40:31,674 - trafilatura.htmlprocessing - DEBUG - list link text/total: 47/47 – short elems/total: 0/1
2024-08-01 12:40:31,674 - trafilatura.htmlprocessing - DEBUG - list link text/total: 60/60 – short elems/total: 0/1
2024-08-01 12:40:31,674 - trafilatura.htmlprocessing - DEBUG - list link text/total: 221/252 – short elems/total: 0/5
2024-08-01 12:40:31,674 - trafilatura.htmlprocessing - DEBUG - list link text/total: 221/252 – short elems/total: 0/5
2024-08-01 12:40:31,674 - trafilatura.htmlprocessing - DEBUG - list link text/total: 23/54 – short elems/total: 0/1
2024-08-01 12:40:31,674 - trafilatura.htmlprocessing - DEBUG - list link text/total: 198/198 – short elems/total: 0/4
2024-08-01 12:40:31,674 - trafilatura.htmlprocessing - DEBUG - list link text/total: 59/59 – short elems/total: 0/1
2024-08-01 12:40:31,674 - trafilatura.htmlprocessing - DEBUG - list link text/total: 47/47 – short elems/total: 0/1
2024-08-01 12:40:31,674 - trafilatura.htmlprocessing - DEBUG - list link text/total: 42/42 – short elems/total: 0/1
2024-08-01 12:40:31,675 - trafilatura.htmlprocessing - DEBUG - list link text/total: 50/50 – short elems/total: 0/1
2024-08-01 12:40:31,675 - trafilatura.htmlprocessing - DEBUG - list link text/total: 88/88 – short elems/total: 0/5
2024-08-01 12:40:31,675 - trafilatura.htmlprocessing - DEBUG - list link text/total: 88/88 – short elems/total: 0/5
2024-08-01 12:40:31,675 - trafilatura.htmlprocessing - DEBUG - list link text/total: 86/86 – short elems/total: 0/5
2024-08-01 12:40:31,675 - trafilatura.htmlprocessing - DEBUG - list link text/total: 14/58 – short elems/total: 0/1
2024-08-01 12:40:31,677 - WebsiteDataExtractor - INFO - Extracting main text completed
2024-08-01 12:40:31,677 - WebsiteDataExtractor - INFO - Getting title
2024-08-01 12:40:31,705 - WebsiteDataExtractor - INFO - Finished Extracting title
2024-08-01 12:40:31,705 - WebsiteDataExtractor - INFO - Getting Date Of Article
2024-08-01 12:40:31,713 - WebsiteDataExtractor - INFO - Extracted Date Of Article
2024-08-01 12:40:31,714 - WebsiteDataExtractor - INFO - Adding New Row To The Dataframe
2024-08-01 12:40:31,715 - WebsiteDataExtractor - INFO - Added New Row To The DataFrame
2024-08-01 12:40:31,716 - WebsiteDataExtractor - INFO - processing index 8-> https://www.ch-aviation.com/news/137736-avia-solutions-group-closes-purchase-of-australias-skytrans
2024-08-01 12:40:31,716 - WebsiteDataExtractor - INFO - Processing URL: https://www.ch-aviation.com/news/137736-avia-solutions-group-closes-purchase-of-australias-skytrans
2024-08-01 12:40:31,717 - urllib3.connectionpool - DEBUG - Starting new HTTPS connection (1): www.ch-aviation.com:443
2024-08-01 12:40:32,245 - urllib3.connectionpool - DEBUG - https://www.ch-aviation.com:443 "GET /news/137736-avia-solutions-group-closes-purchase-of-australias-skytrans HTTP/11" 200 12826
2024-08-01 12:40:32,246 - WebsiteDataExtractor - INFO - Response extraction completed
2024-08-01 12:40:32,246 - WebsiteDataExtractor - INFO - Processing Finished for URL: https://www.ch-aviation.com/news/137736-avia-solutions-group-closes-purchase-of-australias-skytrans
2024-08-01 12:40:32,246 - WebsiteDataExtractor - INFO - Waiting 1 second for the page to load
2024-08-01 12:40:33,247 - WebsiteDataExtractor - INFO - Extracting HTML after waiting
2024-08-01 12:40:33,248 - WebsiteDataExtractor - INFO - Extracting main text
2024-08-01 12:40:33,255 - trafilatura.main_extractor - DEBUG - ['blockquote', 'code', 'del', 'head', 'hi', 'lb', 'list', 'p', 'pre', 'quote']
2024-08-01 12:40:33,255 - trafilatura.main_extractor - DEBUG - discarding element: section 

                                        
2024-08-01 12:40:33,255 - trafilatura.main_extractor - DEBUG - discarding element: div 
                                            
2024-08-01 12:40:33,255 - trafilatura.main_extractor - DEBUG - .//*[(self::article or self::div or self::main or self::section)][
    @class="post" or @class="entry" or
    contains(@class, "post-text") or contains(@class, "post_text") or
    contains(@class, "post-body") or contains(@class, "post-entry") or contains(@class, "postentry") or
    contains(@class, "post-content") or contains(@class, "post_content") or
    contains(@class, "postcontent") or contains(@class, "postContent") or contains(@class, "post_inner_wrapper") or
    contains(@class, "article-text") or contains(@class, "articletext") or contains(@class, "articleText")
    or contains(@id, "entry-content") or
    contains(@class, "entry-content") or contains(@id, "article-content") or
    contains(@class, "article-content") or contains(@id, "article__content") or
    contains(@class, "article__content") or contains(@id, "article-body") or
    contains(@class, "article-body") or contains(@id, "article__body") or
    contains(@class, "article__body") or @itemprop="articleBody" or
    contains(translate(@id, "B", "b"), "articlebody") or contains(translate(@class, "B", "b"), "articleBody")
    or @id="articleContent" or contains(@class, "ArticleContent") or
    contains(@class, "page-content") or contains(@class, "text-content") or
    contains(@id, "body-text") or contains(@class, "body-text") or
    contains(@class, "article__container") or contains(@id, "art-content") or contains(@class, "art-content")][1]
2024-08-01 12:40:33,256 - WebsiteDataExtractor - INFO - Extracting main text completed
2024-08-01 12:40:33,256 - WebsiteDataExtractor - INFO - Getting title
2024-08-01 12:40:33,279 - WebsiteDataExtractor - INFO - Finished Extracting title
2024-08-01 12:40:33,280 - WebsiteDataExtractor - INFO - Getting Date Of Article
2024-08-01 12:40:35,767 - WebsiteDataExtractor - INFO - Extracted Date Of Article
2024-08-01 12:40:35,768 - WebsiteDataExtractor - INFO - Adding New Row To The Dataframe
2024-08-01 12:40:35,769 - WebsiteDataExtractor - INFO - Added New Row To The DataFrame
2024-08-01 12:40:35,769 - WebsiteDataExtractor - INFO - processing index 9-> https://www.baltictimes.com/avia_solutions_group_issues__300m_worth_of_new_bonds/
2024-08-01 12:40:35,769 - WebsiteDataExtractor - INFO - Processing URL: https://www.baltictimes.com/avia_solutions_group_issues__300m_worth_of_new_bonds/
2024-08-01 12:40:35,770 - urllib3.connectionpool - DEBUG - Starting new HTTPS connection (1): www.baltictimes.com:443
2024-08-01 12:40:36,096 - urllib3.connectionpool - DEBUG - https://www.baltictimes.com:443 "GET /avia_solutions_group_issues__300m_worth_of_new_bonds/ HTTP/11" 200 None
2024-08-01 12:40:36,097 - WebsiteDataExtractor - INFO - Response extraction completed
2024-08-01 12:40:36,097 - WebsiteDataExtractor - INFO - Processing Finished for URL: https://www.baltictimes.com/avia_solutions_group_issues__300m_worth_of_new_bonds/
2024-08-01 12:40:36,097 - WebsiteDataExtractor - INFO - Waiting 1 second for the page to load
2024-08-01 12:40:37,098 - WebsiteDataExtractor - INFO - Extracting HTML after waiting
2024-08-01 12:40:37,099 - WebsiteDataExtractor - INFO - Extracting main text
2024-08-01 12:40:37,105 - trafilatura.main_extractor - DEBUG - Recovering wild text elements
2024-08-01 12:40:37,112 - trafilatura.htmlprocessing - DEBUG - list link text/total: 155/174 – short elems/total: 0/3
2024-08-01 12:40:37,112 - trafilatura.htmlprocessing - DEBUG - list link text/total: 155/157 – short elems/total: 0/3
2024-08-01 12:40:37,112 - trafilatura.htmlprocessing - DEBUG - list link text/total: 67/67 – short elems/total: 0/1
2024-08-01 12:40:37,112 - trafilatura.htmlprocessing - DEBUG - list link text/total: 67/67 – short elems/total: 0/1
2024-08-01 12:40:37,112 - trafilatura.htmlprocessing - DEBUG - list link text/total: 34/34 – short elems/total: 0/1
2024-08-01 12:40:37,112 - trafilatura.htmlprocessing - DEBUG - list link text/total: 34/34 – short elems/total: 0/1
2024-08-01 12:40:37,112 - trafilatura.htmlprocessing - DEBUG - list link text/total: 54/54 – short elems/total: 0/1
2024-08-01 12:40:37,112 - trafilatura.htmlprocessing - DEBUG - list link text/total: 54/54 – short elems/total: 0/1
2024-08-01 12:40:37,112 - trafilatura.htmlprocessing - DEBUG - list link text/total: 14/39 – short elems/total: 0/1
2024-08-01 12:40:37,112 - trafilatura.htmlprocessing - DEBUG - list link text/total: 14/39 – short elems/total: 0/1
2024-08-01 12:40:37,112 - trafilatura.htmlprocessing - DEBUG - list link text/total: 14/39 – short elems/total: 0/1
2024-08-01 12:40:37,112 - trafilatura.htmlprocessing - DEBUG - list link text/total: 14/39 – short elems/total: 0/1
2024-08-01 12:40:37,112 - trafilatura.htmlprocessing - DEBUG - list link text/total: 14/39 – short elems/total: 0/1
2024-08-01 12:40:37,113 - trafilatura.main_extractor - DEBUG - extra p within p: p  2024 © The Baltic Times /Cookies Policy  
2024-08-01 12:40:37,114 - WebsiteDataExtractor - INFO - Extracting main text completed
2024-08-01 12:40:37,114 - WebsiteDataExtractor - INFO - Getting title
2024-08-01 12:40:37,124 - WebsiteDataExtractor - INFO - Finished Extracting title
2024-08-01 12:40:37,124 - WebsiteDataExtractor - INFO - Getting Date Of Article
2024-08-01 12:40:37,129 - WebsiteDataExtractor - INFO - Extracted Date Of Article
2024-08-01 12:40:37,130 - WebsiteDataExtractor - INFO - Adding New Row To The Dataframe
2024-08-01 12:40:37,131 - WebsiteDataExtractor - INFO - Added New Row To The DataFrame
2024-08-01 12:40:37,132 - WebsiteDataExtractor - INFO - processing index 10-> https://e-tangata.co.nz/reflections/tusiata-avia-a-strange-dance-with-friends/
2024-08-01 12:40:37,132 - WebsiteDataExtractor - INFO - Processing URL: https://e-tangata.co.nz/reflections/tusiata-avia-a-strange-dance-with-friends/
2024-08-01 12:40:37,133 - urllib3.connectionpool - DEBUG - Starting new HTTPS connection (1): e-tangata.co.nz:443
2024-08-01 12:40:38,526 - urllib3.connectionpool - DEBUG - https://e-tangata.co.nz:443 "GET /reflections/tusiata-avia-a-strange-dance-with-friends/ HTTP/11" 200 None
2024-08-01 12:40:38,530 - WebsiteDataExtractor - INFO - Response extraction completed
2024-08-01 12:40:38,530 - WebsiteDataExtractor - INFO - Processing Finished for URL: https://e-tangata.co.nz/reflections/tusiata-avia-a-strange-dance-with-friends/
2024-08-01 12:40:38,530 - WebsiteDataExtractor - INFO - Waiting 1 second for the page to load
2024-08-01 12:40:39,531 - WebsiteDataExtractor - INFO - Extracting HTML after waiting
2024-08-01 12:40:39,531 - WebsiteDataExtractor - INFO - Extracting main text
2024-08-01 12:40:39,538 - trafilatura.htmlprocessing - DEBUG - list link text/total: 17/17 – short elems/total: 0/1
2024-08-01 12:40:39,539 - trafilatura.main_extractor - DEBUG - ['blockquote', 'code', 'del', 'head', 'hi', 'lb', 'list', 'p', 'pre', 'quote']
2024-08-01 12:40:39,539 - trafilatura.main_extractor - DEBUG - discarding element: div 
								
2024-08-01 12:40:39,539 - trafilatura.main_extractor - DEBUG - .//*[(self::article or self::div or self::main or self::section)][
    @class="post" or @class="entry" or
    contains(@class, "post-text") or contains(@class, "post_text") or
    contains(@class, "post-body") or contains(@class, "post-entry") or contains(@class, "postentry") or
    contains(@class, "post-content") or contains(@class, "post_content") or
    contains(@class, "postcontent") or contains(@class, "postContent") or contains(@class, "post_inner_wrapper") or
    contains(@class, "article-text") or contains(@class, "articletext") or contains(@class, "articleText")
    or contains(@id, "entry-content") or
    contains(@class, "entry-content") or contains(@id, "article-content") or
    contains(@class, "article-content") or contains(@id, "article__content") or
    contains(@class, "article__content") or contains(@id, "article-body") or
    contains(@class, "article-body") or contains(@id, "article__body") or
    contains(@class, "article__body") or @itemprop="articleBody" or
    contains(translate(@id, "B", "b"), "articlebody") or contains(translate(@class, "B", "b"), "articleBody")
    or @id="articleContent" or contains(@class, "ArticleContent") or
    contains(@class, "page-content") or contains(@class, "text-content") or
    contains(@id, "body-text") or contains(@class, "body-text") or
    contains(@class, "article__container") or contains(@id, "art-content") or contains(@class, "art-content")][1]
2024-08-01 12:40:39,541 - WebsiteDataExtractor - INFO - Extracting main text completed
2024-08-01 12:40:39,541 - WebsiteDataExtractor - INFO - Getting title
2024-08-01 12:40:39,555 - WebsiteDataExtractor - INFO - Finished Extracting title
2024-08-01 12:40:39,556 - WebsiteDataExtractor - INFO - Getting Date Of Article
2024-08-01 12:40:39,558 - WebsiteDataExtractor - INFO - Extracted Date Of Article
2024-08-01 12:40:39,558 - WebsiteDataExtractor - INFO - Adding New Row To The Dataframe
2024-08-01 12:40:39,560 - WebsiteDataExtractor - INFO - Added New Row To The DataFrame
2024-08-01 12:40:39,560 - WebsiteDataExtractor - INFO - Completed Extracting Main Content of Article
