2024-08-01 12:11:55,958 - root - INFO - Iterating Over the Forbes List
2024-08-01 12:11:55,959 - root - INFO - Processing index 0
2024-08-01 12:11:55,961 - root - INFO - First Name: , Last Name: Aavia, Organization: Aavia
2024-08-01 12:11:55,961 - root - INFO - EnteringGoogle Extraction
2024-08-01 12:11:55,962 - asyncio - DEBUG - Using selector: EpollSelector
2024-08-01 12:11:56,538 - root - INFO - Starting Google Extraction
2024-08-01 12:11:56,538 - root - INFO - Inside Run Function
2024-08-01 12:11:57,039 - root - INFO - Browser Launched
2024-08-01 12:11:57,050 - root - INFO - New Context Created
2024-08-01 12:11:57,877 - root - INFO - New Page Created
2024-08-01 12:11:59,344 - root - INFO - Navigated to Google
2024-08-01 12:11:59,344 - root - INFO - Trying to get search box
2024-08-01 12:11:59,344 - root - INFO - Search box found
2024-08-01 12:12:02,369 - root - INFO - Search results loaded
2024-08-01 12:12:02,413 - root - INFO - Trying to get News tab
2024-08-01 12:12:02,413 - root - INFO - News tab found
2024-08-01 12:12:04,434 - root - INFO - News results loaded
2024-08-01 12:12:04,458 - root - INFO - Extracted all 'a' tags
2024-08-01 12:12:04,458 - root - INFO - Checking if URL is not google domain: 
2024-08-01 12:12:04,459 - root - INFO - URL is not google domain: 
2024-08-01 12:12:04,459 - root - INFO - Checking if URL is not google domain: https://support.google.com/websearch/answer/181196?hl=en
2024-08-01 12:12:04,459 - root - INFO - Checking if URL is not google domain: 
2024-08-01 12:12:04,459 - root - INFO - URL is not google domain: 
2024-08-01 12:12:04,459 - root - INFO - Checking if URL is not google domain: https://www.google.com/webhp?hl=en&ictx=2&sa=X&ved=0ahUKEwjYypzFl9SHAxWGkYkEHUYQJ5cQPQgJ
2024-08-01 12:12:04,459 - root - INFO - Checking if URL is not google domain: https://www.google.com/intl/en/about/products
2024-08-01 12:12:04,459 - root - INFO - Checking if URL is not google domain: https://accounts.google.com/ServiceLogin?hl=en&passive=true&continue=https://www.google.com/search%3Fsca_esv%3Dde3e428f524f6eaa%26q%3DAavia%2BAavia%26tbm%3Dnws%26source%3Dlnms%26fbs%3DAEQNm0Aa4sjWe7Rqy32pFwRj0UkWd8nbOJfsBGGB5IQQO6L3J_86uWOeqwdnV0yaSF-x2joZDvir2QxhZkTA8rK1etu4WKmYu-jQ4K-snHbI9S6gJme8LE0Xpw2sE6_dGlmjzB-b0vp-0bIl8pvDaPn37KkqnnRGlB21IPH7TjIjUVfe7p-yjEYFXyfgh8hTkuDCrsHs8yGJztVFuZ1OaU6fRK-_Bk41vA%26sa%3DX%26ved%3D2ahUKEwi6_uLDl9SHAxW2g4kEHWFnJ1EQ0pQJegQIERAB%26biw%3D1280%26bih%3D720%26dpr%3D1&ec=futura_gmv_dt_so_72586115_e
2024-08-01 12:12:04,459 - root - INFO - Checking if URL is not google domain: https://www.google.com/search?q=Aavia+Aavia&sca_esv=de3e428f524f6eaa&biw=1280&bih=720&source=lnms&fbs=AEQNm0Aa4sjWe7Rqy32pFwRj0UkWd8nbOJfsBGGB5IQQO6L3J_86uWOeqwdnV0yaSF-x2joZDvir2QxhZkTA8rK1etu4WKmYu-jQ4K-snHbI9S6gJme8LE0Xpw2sE6_dGlmjzB-b0vp-0bIl8pvDaPn37KkqnnRGlB21IPH7TjIjUVfe7p-yjEYFXyfgh8hTkuDCrsHs8yGJztVFuZ1OaU6fRK-_Bk41vA&sa=X&ved=2ahUKEwjYypzFl9SHAxWGkYkEHUYQJ5cQ0pQJegQIBhAC
2024-08-01 12:12:04,459 - root - INFO - Checking if URL is not google domain: https://www.google.com/search?q=Aavia+Aavia&sa=X&sca_esv=de3e428f524f6eaa&biw=1280&bih=720&udm=2&fbs=AEQNm0Aa4sjWe7Rqy32pFwRj0UkWd8nbOJfsBGGB5IQQO6L3J_86uWOeqwdnV0yaSF-x2joZDvir2QxhZkTA8rK1etu4WKmYu-jQ4K-snHbI9S6gJme8LE0Xpw2sE6_dGlmjzB-b0vp-0bIl8pvDaPn37KkqnnRGlB21IPH7TjIjUVfe7p-yjEYFXyfgh8hTkuDCrsHs8yGJztVFuZ1OaU6fRK-_Bk41vA&ved=2ahUKEwjYypzFl9SHAxWGkYkEHUYQJ5cQtKgLegQIBhAE
2024-08-01 12:12:04,459 - root - INFO - Checking if URL is not google domain: https://www.google.com/search?q=Aavia+Aavia&sca_esv=de3e428f524f6eaa&biw=1280&bih=720&tbm=vid&source=lnms&fbs=AEQNm0Aa4sjWe7Rqy32pFwRj0UkWd8nbOJfsBGGB5IQQO6L3J_86uWOeqwdnV0yaSF-x2joZDvir2QxhZkTA8rK1etu4WKmYu-jQ4K-snHbI9S6gJme8LE0Xpw2sE6_dGlmjzB-b0vp-0bIl8pvDaPn37KkqnnRGlB21IPH7TjIjUVfe7p-yjEYFXyfgh8hTkuDCrsHs8yGJztVFuZ1OaU6fRK-_Bk41vA&sa=X&ved=2ahUKEwjYypzFl9SHAxWGkYkEHUYQJ5cQ0pQJegQIBhAG
2024-08-01 12:12:04,459 - root - INFO - Checking if URL is not google domain: https://www.google.com/search?q=Aavia+Aavia&sca_esv=de3e428f524f6eaa&biw=1280&bih=720&tbm=shop&source=lnms&fbs=AEQNm0Aa4sjWe7Rqy32pFwRj0UkWd8nbOJfsBGGB5IQQO6L3J_86uWOeqwdnV0yaSF-x2joZDvir2QxhZkTA8rK1etu4WKmYu-jQ4K-snHbI9S6gJme8LE0Xpw2sE6_dGlmjzB-b0vp-0bIl8pvDaPn37KkqnnRGlB21IPH7TjIjUVfe7p-yjEYFXyfgh8hTkuDCrsHs8yGJztVFuZ1OaU6fRK-_Bk41vA&ved=1t:200715&ictx=111
2024-08-01 12:12:04,460 - root - INFO - Checking if URL is not google domain: 
2024-08-01 12:12:04,460 - root - INFO - URL is not google domain: 
2024-08-01 12:12:04,460 - root - INFO - Checking if URL is not google domain: https://www.google.com/search?q=Aavia+Aavia&sa=X&sca_esv=de3e428f524f6eaa&biw=1280&bih=720&udm=18&fbs=AEQNm0Aa4sjWe7Rqy32pFwRj0UkWd8nbOJfsBGGB5IQQO6L3J_86uWOeqwdnV0yaSF-x2joZDvir2QxhZkTA8rK1etu4WKmYu-jQ4K-snHbI9S6gJme8LE0Xpw2sE6_dGlmjzB-b0vp-0bIl8pvDaPn37KkqnnRGlB21IPH7TjIjUVfe7p-yjEYFXyfgh8hTkuDCrsHs8yGJztVFuZ1OaU6fRK-_Bk41vA&ved=2ahUKEwjYypzFl9SHAxWGkYkEHUYQJ5cQs6gLegQIBhAM
2024-08-01 12:12:04,460 - root - INFO - Checking if URL is not google domain: https://www.google.com/search?q=Aavia+Aavia&sa=X&sca_esv=de3e428f524f6eaa&biw=1280&bih=720&udm=14&fbs=AEQNm0Aa4sjWe7Rqy32pFwRj0UkWd8nbOJfsBGGB5IQQO6L3J_86uWOeqwdnV0yaSF-x2joZDvir2QxhZkTA8rK1etu4WKmYu-jQ4K-snHbI9S6gJme8LE0Xpw2sE6_dGlmjzB-b0vp-0bIl8pvDaPn37KkqnnRGlB21IPH7TjIjUVfe7p-yjEYFXyfgh8hTkuDCrsHs8yGJztVFuZ1OaU6fRK-_Bk41vA&ved=2ahUKEwjYypzFl9SHAxWGkYkEHUYQJ5cQs6gLegQIBhAO
2024-08-01 12:12:04,460 - root - INFO - Checking if URL is not google domain: https://maps.google.com/maps?sca_esv=de3e428f524f6eaa&q=Aavia+Aavia&fbs=AEQNm0Aa4sjWe7Rqy32pFwRj0UkWd8nbOJfsBGGB5IQQO6L3J_86uWOeqwdnV0yaSF-x2joZDvir2QxhZkTA8rK1etu4WKmYu-jQ4K-snHbI9S6gJme8LE0Xpw2sE6_dGlmjzB-b0vp-0bIl8pvDaPn37KkqnnRGlB21IPH7TjIjUVfe7p-yjEYFXyfgh8hTkuDCrsHs8yGJztVFuZ1OaU6fRK-_Bk41vA&biw=1280&bih=720&dpr=1&um=1&ie=UTF-8&ved=1t:200715&ictx=111
2024-08-01 12:12:04,460 - root - INFO - Checking if URL is not google domain: https://www.google.com/search?q=Aavia+Aavia&sca_esv=de3e428f524f6eaa&biw=1280&bih=720&tbm=bks&source=lnms&fbs=AEQNm0Aa4sjWe7Rqy32pFwRj0UkWd8nbOJfsBGGB5IQQO6L3J_86uWOeqwdnV0yaSF-x2joZDvir2QxhZkTA8rK1etu4WKmYu-jQ4K-snHbI9S6gJme8LE0Xpw2sE6_dGlmjzB-b0vp-0bIl8pvDaPn37KkqnnRGlB21IPH7TjIjUVfe7p-yjEYFXyfgh8hTkuDCrsHs8yGJztVFuZ1OaU6fRK-_Bk41vA&sa=X&ved=2ahUKEwjYypzFl9SHAxWGkYkEHUYQJ5cQ0pQJKAF6BAgGEBM
2024-08-01 12:12:04,460 - root - INFO - Checking if URL is not google domain: https://www.google.com/travel/flights?q=Aavia+Aavia&sca_esv=de3e428f524f6eaa&biw=1280&bih=720&tbm=flm&source=lnms&fbs=AEQNm0Aa4sjWe7Rqy32pFwRj0UkWd8nbOJfsBGGB5IQQO6L3J_86uWOeqwdnV0yaSF-x2joZDvir2QxhZkTA8rK1etu4WKmYu-jQ4K-snHbI9S6gJme8LE0Xpw2sE6_dGlmjzB-b0vp-0bIl8pvDaPn37KkqnnRGlB21IPH7TjIjUVfe7p-yjEYFXyfgh8hTkuDCrsHs8yGJztVFuZ1OaU6fRK-_Bk41vA&ved=1t:200715&ictx=111
2024-08-01 12:12:04,460 - root - INFO - Checking if URL is not google domain: https://www.google.com/search?q=Aavia+Aavia&sca_esv=de3e428f524f6eaa&biw=1280&bih=720&tbm=nws&source=lnt&tbs=qdr:h&sa=X&ved=2ahUKEwjYypzFl9SHAxWGkYkEHUYQJ5cQpwV6BAgBEAc
2024-08-01 12:12:04,460 - root - INFO - Checking if URL is not google domain: https://www.google.com/search?q=Aavia+Aavia&sca_esv=de3e428f524f6eaa&biw=1280&bih=720&tbm=nws&source=lnt&tbs=qdr:d&sa=X&ved=2ahUKEwjYypzFl9SHAxWGkYkEHUYQJ5cQpwV6BAgBEAg
2024-08-01 12:12:04,460 - root - INFO - Checking if URL is not google domain: https://www.google.com/search?q=Aavia+Aavia&sca_esv=de3e428f524f6eaa&biw=1280&bih=720&tbm=nws&source=lnt&tbs=qdr:w&sa=X&ved=2ahUKEwjYypzFl9SHAxWGkYkEHUYQJ5cQpwV6BAgBEAk
2024-08-01 12:12:04,461 - root - INFO - Checking if URL is not google domain: https://www.google.com/search?q=Aavia+Aavia&sca_esv=de3e428f524f6eaa&biw=1280&bih=720&tbm=nws&source=lnt&tbs=qdr:m&sa=X&ved=2ahUKEwjYypzFl9SHAxWGkYkEHUYQJ5cQpwV6BAgBEAo
2024-08-01 12:12:04,461 - root - INFO - Checking if URL is not google domain: https://www.google.com/search?q=Aavia+Aavia&sca_esv=de3e428f524f6eaa&biw=1280&bih=720&tbm=nws&source=lnt&tbs=qdr:y&sa=X&ved=2ahUKEwjYypzFl9SHAxWGkYkEHUYQJ5cQpwV6BAgBEAs
2024-08-01 12:12:04,461 - root - INFO - Checking if URL is not google domain: https://www.google.com/search?q=Aavia+Aavia&sca_esv=de3e428f524f6eaa&biw=1280&bih=720&tbm=nws&source=lnt&tbs=ar:1&sa=X&ved=2ahUKEwjYypzFl9SHAxWGkYkEHUYQJ5cQpwV6BAgBEAw
2024-08-01 12:12:04,461 - root - INFO - Checking if URL is not google domain: https://www.google.com/search?q=Aavia+Aavia&sca_esv=de3e428f524f6eaa&biw=1280&bih=720&tbm=nws&source=lnt&tbs=sbd:1&sa=X&ved=2ahUKEwjYypzFl9SHAxWGkYkEHUYQJ5cQpwV6BAgBEBQ
2024-08-01 12:12:04,461 - root - INFO - Checking if URL is not google domain: http://news.google.com/news/advanced_news_search?sca_esv=de3e428f524f6eaa&q=Aavia+Aavia&fbs=AEQNm0Aa4sjWe7Rqy32pFwRj0UkWd8nbOJfsBGGB5IQQO6L3J_86uWOeqwdnV0yaSF-x2joZDvir2QxhZkTA8rK1etu4WKmYu-jQ4K-snHbI9S6gJme8LE0Xpw2sE6_dGlmjzB-b0vp-0bIl8pvDaPn37KkqnnRGlB21IPH7TjIjUVfe7p-yjEYFXyfgh8hTkuDCrsHs8yGJztVFuZ1OaU6fRK-_Bk41vA&biw=1280&bih=720&dpr=1
2024-08-01 12:12:04,462 - root - INFO - Checking if URL is not google domain: https://www.google.com/history/optout?hl=en
2024-08-01 12:12:04,462 - root - INFO - Checking if URL is not google domain: https://www.google.com/safesearch?prev=https://www.google.com/search?sca_esv%3Dde3e428f524f6eaa%26q%3DAavia%2BAavia%26tbm%3Dnws%26source%3Dlnms%26fbs%3DAEQNm0Aa4sjWe7Rqy32pFwRj0UkWd8nbOJfsBGGB5IQQO6L3J_86uWOeqwdnV0yaSF-x2joZDvir2QxhZkTA8rK1etu4WKmYu-jQ4K-snHbI9S6gJme8LE0Xpw2sE6_dGlmjzB-b0vp-0bIl8pvDaPn37KkqnnRGlB21IPH7TjIjUVfe7p-yjEYFXyfgh8hTkuDCrsHs8yGJztVFuZ1OaU6fRK-_Bk41vA%26sa%3DX%26ved%3D2ahUKEwi6_uLDl9SHAxW2g4kEHWFnJ1EQ0pQJegQIERAB%26biw%3D1280%26bih%3D720%26dpr%3D1&sa=X&ved=2ahUKEwjYypzFl9SHAxWGkYkEHUYQJ5cQ8JsIegQIBRAG
2024-08-01 12:12:04,462 - root - INFO - Checking if URL is not google domain: https://www.google.com/preferences?lang=1&hl=en&prev=https://www.google.com/search?q%3DAavia%2BAavia%26sa%3DX%26sca_esv%3Dde3e428f524f6eaa%26biw%3D1280%26bih%3D720%26tbm%3Dnws#languages
2024-08-01 12:12:04,462 - root - INFO - Checking if URL is not google domain: https://www.google.com/setprefs?hl=en&prev=https://www.google.com/search?sca_esv%3Dde3e428f524f6eaa%26q%3DAavia%2BAavia%26tbm%3Dnws%26source%3Dlnms%26fbs%3DAEQNm0Aa4sjWe7Rqy32pFwRj0UkWd8nbOJfsBGGB5IQQO6L3J_86uWOeqwdnV0yaSF-x2joZDvir2QxhZkTA8rK1etu4WKmYu-jQ4K-snHbI9S6gJme8LE0Xpw2sE6_dGlmjzB-b0vp-0bIl8pvDaPn37KkqnnRGlB21IPH7TjIjUVfe7p-yjEYFXyfgh8hTkuDCrsHs8yGJztVFuZ1OaU6fRK-_Bk41vA%26sa%3DX%26ved%3D2ahUKEwi6_uLDl9SHAxW2g4kEHWFnJ1EQ0pQJegQIERAB%26biw%3D1280%26bih%3D720%26dpr%3D1%26pccc%3D1&sig=0__dCEVcYGjBHSASU6dA7qc6B9F0A%3D&cs=2&sa=X&ved=2ahUKEwjYypzFl9SHAxWGkYkEHUYQJ5cQqsEHegQIBRAI&ictx=1
2024-08-01 12:12:04,462 - root - INFO - Checking if URL is not google domain: https://www.google.com/preferences?hl=en&prev=https://www.google.com/search?q%3DAavia%2BAavia%26sa%3DX%26sca_esv%3Dde3e428f524f6eaa%26biw%3D1280%26bih%3D720%26tbm%3Dnws
2024-08-01 12:12:04,462 - root - INFO - Checking if URL is not google domain: https://newsinitiative.withgoogle.com/hownewsworks/?fg=1
2024-08-01 12:12:04,463 - root - INFO - URL is not google domain: https://newsinitiative.withgoogle.com/hownewsworks/?fg=1
2024-08-01 12:12:04,463 - root - INFO - Checking if URL is not google domain: https://support.google.com/websearch/?p=dsrp_search_hc&hl=en
2024-08-01 12:12:04,463 - root - INFO - Checking if URL is not google domain: https://policies.google.com/privacy?hl=en&fg=1
2024-08-01 12:12:04,463 - root - INFO - Checking if URL is not google domain: https://policies.google.com/terms?hl=en&fg=1
2024-08-01 12:12:04,463 - root - INFO - Checking if URL is not google domain: https://www.google.com/search?sca_esv=de3e428f524f6eaa&biw=1280&bih=720&tbm=nws&q=Ovia+Ovia&spell=1&sa=X&ved=2ahUKEwjYypzFl9SHAxWGkYkEHUYQJ5cQBSgAegQIBxAB
2024-08-01 12:12:04,463 - root - INFO - Checking if URL is not google domain: https://www.hercampus.com/wellness/aavia-period-tracking-app-taught-me-post-roe-v-wade/
2024-08-01 12:12:04,463 - root - INFO - URL is not google domain: https://www.hercampus.com/wellness/aavia-period-tracking-app-taught-me-post-roe-v-wade/
2024-08-01 12:12:04,463 - root - INFO - Checking if URL is not google domain: https://www.cnn.com/cnn-underscored/health-fitness/hoka-clifton-9-vs-avia-run-swift-sneakers
2024-08-01 12:12:04,463 - root - INFO - URL is not google domain: https://www.cnn.com/cnn-underscored/health-fitness/hoka-clifton-9-vs-avia-run-swift-sneakers
2024-08-01 12:12:04,463 - root - INFO - Checking if URL is not google domain: https://finance.yahoo.com/news/avia-homes-announces-striking-partnership-011800429.html
2024-08-01 12:12:04,464 - root - INFO - URL is not google domain: https://finance.yahoo.com/news/avia-homes-announces-striking-partnership-011800429.html
2024-08-01 12:12:04,464 - root - INFO - Checking if URL is not google domain: https://newsroom.aviator.aero/avia-solutions-group-concluded-acquisition-of-skytrans-airlines-expanding-to-12-aocs-worldwide/
2024-08-01 12:12:04,464 - root - INFO - URL is not google domain: https://newsroom.aviator.aero/avia-solutions-group-concluded-acquisition-of-skytrans-airlines-expanding-to-12-aocs-worldwide/
2024-08-01 12:12:04,464 - root - INFO - Checking if URL is not google domain: https://www.aerotime.aero/articles/avia-solutions-group-issues-300m-worth-of-new-bonds
2024-08-01 12:12:04,464 - root - INFO - URL is not google domain: https://www.aerotime.aero/articles/avia-solutions-group-issues-300m-worth-of-new-bonds
2024-08-01 12:12:04,464 - root - INFO - Checking if URL is not google domain: https://www.businesswire.com/news/home/20240222636721/en/Syllable-Named-to-AVIA-Marketplace%E2%80%99s-2024-Top-Digital-Front-Door-Companies
2024-08-01 12:12:04,464 - root - INFO - URL is not google domain: https://www.businesswire.com/news/home/20240222636721/en/Syllable-Named-to-AVIA-Marketplace%E2%80%99s-2024-Top-Digital-Front-Door-Companies
2024-08-01 12:12:04,464 - root - INFO - Checking if URL is not google domain: https://www.legacy.com/us/obituaries/name/avia-riley-obituary?id=54446360
2024-08-01 12:12:04,464 - root - INFO - URL is not google domain: https://www.legacy.com/us/obituaries/name/avia-riley-obituary?id=54446360
2024-08-01 12:12:04,464 - root - INFO - Checking if URL is not google domain: https://www.ch-aviation.com/news/137736-avia-solutions-group-closes-purchase-of-australias-skytrans
2024-08-01 12:12:04,464 - root - INFO - URL is not google domain: https://www.ch-aviation.com/news/137736-avia-solutions-group-closes-purchase-of-australias-skytrans
2024-08-01 12:12:04,464 - root - INFO - Checking if URL is not google domain: https://www.baltictimes.com/avia_solutions_group_issues__300m_worth_of_new_bonds/
2024-08-01 12:12:04,464 - root - INFO - URL is not google domain: https://www.baltictimes.com/avia_solutions_group_issues__300m_worth_of_new_bonds/
2024-08-01 12:12:04,464 - root - INFO - Checking if URL is not google domain: https://e-tangata.co.nz/reflections/tusiata-avia-a-strange-dance-with-friends/
2024-08-01 12:12:04,465 - root - INFO - URL is not google domain: https://e-tangata.co.nz/reflections/tusiata-avia-a-strange-dance-with-friends/
2024-08-01 12:12:04,465 - root - INFO - Checking if URL is not google domain: https://www.google.com/search?q=Aavia+Aavia&sca_esv=de3e428f524f6eaa&biw=1280&bih=720&tbm=nws&ei=07OrZpiVA4ajptQPxqCcuQk&start=10&sa=N&ved=2ahUKEwjYypzFl9SHAxWGkYkEHUYQJ5cQ8tMDegQIAxAE
2024-08-01 12:12:04,465 - root - INFO - Checking if URL is not google domain: https://www.google.com/search?q=Aavia+Aavia&sca_esv=de3e428f524f6eaa&biw=1280&bih=720&tbm=nws&ei=07OrZpiVA4ajptQPxqCcuQk&start=20&sa=N&ved=2ahUKEwjYypzFl9SHAxWGkYkEHUYQJ5cQ8tMDegQIAxAG
2024-08-01 12:12:04,465 - root - INFO - Checking if URL is not google domain: https://www.google.com/search?q=Aavia+Aavia&sca_esv=de3e428f524f6eaa&biw=1280&bih=720&tbm=nws&ei=07OrZpiVA4ajptQPxqCcuQk&start=30&sa=N&ved=2ahUKEwjYypzFl9SHAxWGkYkEHUYQJ5cQ8tMDegQIAxAI
2024-08-01 12:12:04,465 - root - INFO - Checking if URL is not google domain: https://www.google.com/search?q=Aavia+Aavia&sca_esv=de3e428f524f6eaa&biw=1280&bih=720&tbm=nws&ei=07OrZpiVA4ajptQPxqCcuQk&start=40&sa=N&ved=2ahUKEwjYypzFl9SHAxWGkYkEHUYQJ5cQ8tMDegQIAxAK
2024-08-01 12:12:04,465 - root - INFO - Checking if URL is not google domain: https://www.google.com/search?q=Aavia+Aavia&sca_esv=de3e428f524f6eaa&biw=1280&bih=720&tbm=nws&ei=07OrZpiVA4ajptQPxqCcuQk&start=50&sa=N&ved=2ahUKEwjYypzFl9SHAxWGkYkEHUYQJ5cQ8tMDegQIAxAM
2024-08-01 12:12:04,465 - root - INFO - Checking if URL is not google domain: https://www.google.com/search?q=Aavia+Aavia&sca_esv=de3e428f524f6eaa&biw=1280&bih=720&tbm=nws&ei=07OrZpiVA4ajptQPxqCcuQk&start=60&sa=N&ved=2ahUKEwjYypzFl9SHAxWGkYkEHUYQJ5cQ8tMDegQIAxAO
2024-08-01 12:12:04,465 - root - INFO - Checking if URL is not google domain: https://www.google.com/search?q=Aavia+Aavia&sca_esv=de3e428f524f6eaa&biw=1280&bih=720&tbm=nws&ei=07OrZpiVA4ajptQPxqCcuQk&start=70&sa=N&ved=2ahUKEwjYypzFl9SHAxWGkYkEHUYQJ5cQ8tMDegQIAxAQ
2024-08-01 12:12:04,465 - root - INFO - Checking if URL is not google domain: https://www.google.com/search?q=Aavia+Aavia&sca_esv=de3e428f524f6eaa&biw=1280&bih=720&tbm=nws&ei=07OrZpiVA4ajptQPxqCcuQk&start=10&sa=N&ved=2ahUKEwjYypzFl9SHAxWGkYkEHUYQJ5cQ8NMDegQIAxAS
2024-08-01 12:12:04,465 - root - INFO - Checking if URL is not google domain: https://www.google.com/search?sca_esv=de3e428f524f6eaa&q=Aavia+Aavia&tbm=nws&source=lnms&fbs=AEQNm0Aa4sjWe7Rqy32pFwRj0UkWd8nbOJfsBGGB5IQQO6L3J_86uWOeqwdnV0yaSF-x2joZDvir2QxhZkTA8rK1etu4WKmYu-jQ4K-snHbI9S6gJme8LE0Xpw2sE6_dGlmjzB-b0vp-0bIl8pvDaPn37KkqnnRGlB21IPH7TjIjUVfe7p-yjEYFXyfgh8hTkuDCrsHs8yGJztVFuZ1OaU6fRK-_Bk41vA&sa=X&ved=2ahUKEwi6_uLDl9SHAxW2g4kEHWFnJ1EQ0pQJegQIERAB&biw=1280&bih=720&dpr=1#
2024-08-01 12:12:04,465 - root - INFO - Final List of URLs Created
2024-08-01 12:12:04,595 - root - INFO - Browser Closed and returning final_list
2024-08-01 12:12:04,596 - root - INFO - Google Extraction Completed
2024-08-01 12:12:04,613 - GenericCleaner - INFO - Starting Cleaning
2024-08-01 12:12:04,613 - GenericCleaner - INFO - Starting cleaning process
2024-08-01 12:12:04,619 - GenericCleaner - INFO - Initial number of rows: 14
2024-08-01 12:12:04,630 - GenericCleaner - INFO - Number of rows with invalid URLs: 3
2024-08-01 12:12:04,637 - GenericCleaner - INFO - URLs starting with '/': 0
2024-08-01 12:12:04,637 - GenericCleaner - INFO - URLs starting with '//': 0
2024-08-01 12:12:04,638 - GenericCleaner - INFO - Saved 'AfterConvertingInvalidURLs.csv'
2024-08-01 12:12:04,644 - GenericCleaner - INFO - Number of duplicate rows removed: 0
2024-08-01 12:12:04,644 - GenericCleaner - INFO - Cleaning process completed
2024-08-01 12:12:04,644 - GenericCleaner - INFO - Cleaning Completed
2024-08-01 12:12:04,645 - root - INFO - Creating JSON Object for articles
2024-08-01 12:12:04,645 - root - INFO - JSON Article Object Created
2024-08-01 12:12:04,647 - WebsiteDataExtractor - INFO - Starting Extracting Main Content of Article
2024-08-01 12:12:04,648 - WebsiteDataExtractor - INFO - processing index 0-> https://newsinitiative.withgoogle.com/hownewsworks/?fg=1
2024-08-01 12:12:04,649 - WebsiteDataExtractor - INFO - Processing URL: https://newsinitiative.withgoogle.com/hownewsworks/?fg=1
2024-08-01 12:12:04,656 - urllib3.connectionpool - DEBUG - Starting new HTTPS connection (1): newsinitiative.withgoogle.com:443
2024-08-01 12:12:04,817 - urllib3.connectionpool - DEBUG - https://newsinitiative.withgoogle.com:443 "GET /hownewsworks/?fg=1 HTTP/11" 200 6755
2024-08-01 12:12:04,817 - WebsiteDataExtractor - INFO - Response extraction completed
2024-08-01 12:12:04,817 - WebsiteDataExtractor - INFO - Processing Finished for URL: https://newsinitiative.withgoogle.com/hownewsworks/?fg=1
2024-08-01 12:12:04,818 - WebsiteDataExtractor - INFO - Waiting 1 second for the page to load
2024-08-01 12:12:05,819 - WebsiteDataExtractor - INFO - Extracting HTML after waiting
2024-08-01 12:12:05,819 - WebsiteDataExtractor - INFO - Extracting main text
2024-08-01 12:12:05,825 - trafilatura.main_extractor - DEBUG - Recovering wild text elements
2024-08-01 12:12:05,828 - WebsiteDataExtractor - INFO - Extracting main text completed
2024-08-01 12:12:05,828 - WebsiteDataExtractor - INFO - Getting title
2024-08-01 12:12:05,834 - WebsiteDataExtractor - INFO - Finished Extracting title
2024-08-01 12:12:05,835 - WebsiteDataExtractor - INFO - Getting Date Of Article
2024-08-01 12:12:05,849 - WebsiteDataExtractor - INFO - Extracted Date Of Article
2024-08-01 12:12:05,850 - WebsiteDataExtractor - INFO - Adding New Row To The Dataframe
2024-08-01 12:12:05,852 - WebsiteDataExtractor - INFO - Added New Row To The DataFrame
2024-08-01 12:12:05,852 - WebsiteDataExtractor - INFO - processing index 1-> https://www.hercampus.com/wellness/aavia-period-tracking-app-taught-me-post-roe-v-wade/
2024-08-01 12:12:05,852 - WebsiteDataExtractor - INFO - Processing URL: https://www.hercampus.com/wellness/aavia-period-tracking-app-taught-me-post-roe-v-wade/
2024-08-01 12:12:05,853 - urllib3.connectionpool - DEBUG - Starting new HTTPS connection (1): www.hercampus.com:443
2024-08-01 12:12:06,138 - urllib3.connectionpool - DEBUG - https://www.hercampus.com:443 "GET /wellness/aavia-period-tracking-app-taught-me-post-roe-v-wade/ HTTP/11" 200 None
2024-08-01 12:12:06,224 - WebsiteDataExtractor - INFO - Response extraction completed
2024-08-01 12:12:06,225 - WebsiteDataExtractor - INFO - Processing Finished for URL: https://www.hercampus.com/wellness/aavia-period-tracking-app-taught-me-post-roe-v-wade/
2024-08-01 12:12:06,225 - WebsiteDataExtractor - INFO - Waiting 1 second for the page to load
2024-08-01 12:12:07,226 - WebsiteDataExtractor - INFO - Extracting HTML after waiting
2024-08-01 12:12:07,228 - WebsiteDataExtractor - INFO - Extracting main text
2024-08-01 12:12:07,248 - trafilatura.main_extractor - DEBUG - ['blockquote', 'code', 'del', 'head', 'hi', 'lb', 'list', 'p', 'pre', 'quote']
2024-08-01 12:12:07,248 - trafilatura.main_extractor - DEBUG - discarding element: div 



2024-08-01 12:12:07,248 - trafilatura.main_extractor - DEBUG - discarding element: div 



2024-08-01 12:12:07,248 - trafilatura.main_extractor - DEBUG - .//*[(self::article or self::div or self::main or self::section)][
    @class="post" or @class="entry" or
    contains(@class, "post-text") or contains(@class, "post_text") or
    contains(@class, "post-body") or contains(@class, "post-entry") or contains(@class, "postentry") or
    contains(@class, "post-content") or contains(@class, "post_content") or
    contains(@class, "postcontent") or contains(@class, "postContent") or contains(@class, "post_inner_wrapper") or
    contains(@class, "article-text") or contains(@class, "articletext") or contains(@class, "articleText")
    or contains(@id, "entry-content") or
    contains(@class, "entry-content") or contains(@id, "article-content") or
    contains(@class, "article-content") or contains(@id, "article__content") or
    contains(@class, "article__content") or contains(@id, "article-body") or
    contains(@class, "article-body") or contains(@id, "article__body") or
    contains(@class, "article__body") or @itemprop="articleBody" or
    contains(translate(@id, "B", "b"), "articlebody") or contains(translate(@class, "B", "b"), "articleBody")
    or @id="articleContent" or contains(@class, "ArticleContent") or
    contains(@class, "page-content") or contains(@class, "text-content") or
    contains(@id, "body-text") or contains(@class, "body-text") or
    contains(@class, "article__container") or contains(@id, "art-content") or contains(@class, "art-content")][1]
2024-08-01 12:12:07,252 - WebsiteDataExtractor - INFO - Extracting main text completed
2024-08-01 12:12:07,253 - WebsiteDataExtractor - INFO - Getting title
2024-08-01 12:12:07,331 - WebsiteDataExtractor - INFO - Finished Extracting title
2024-08-01 12:12:07,332 - WebsiteDataExtractor - INFO - Getting Date Of Article
2024-08-01 12:12:07,340 - WebsiteDataExtractor - INFO - Extracted Date Of Article
2024-08-01 12:12:07,341 - WebsiteDataExtractor - INFO - Adding New Row To The Dataframe
2024-08-01 12:12:07,342 - WebsiteDataExtractor - INFO - Added New Row To The DataFrame
2024-08-01 12:12:07,343 - WebsiteDataExtractor - INFO - processing index 2-> https://www.cnn.com/cnn-underscored/health-fitness/hoka-clifton-9-vs-avia-run-swift-sneakers
2024-08-01 12:12:07,343 - WebsiteDataExtractor - INFO - Processing URL: https://www.cnn.com/cnn-underscored/health-fitness/hoka-clifton-9-vs-avia-run-swift-sneakers
2024-08-01 12:12:07,345 - urllib3.connectionpool - DEBUG - Starting new HTTPS connection (1): www.cnn.com:443
2024-08-01 12:12:07,480 - urllib3.connectionpool - DEBUG - https://www.cnn.com:443 "GET /cnn-underscored/health-fitness/hoka-clifton-9-vs-avia-run-swift-sneakers HTTP/11" 200 534855
2024-08-01 12:12:07,609 - WebsiteDataExtractor - INFO - Response extraction completed
2024-08-01 12:12:07,609 - WebsiteDataExtractor - INFO - Processing Finished for URL: https://www.cnn.com/cnn-underscored/health-fitness/hoka-clifton-9-vs-avia-run-swift-sneakers
2024-08-01 12:12:07,609 - WebsiteDataExtractor - INFO - Waiting 1 second for the page to load
2024-08-01 12:12:08,611 - WebsiteDataExtractor - INFO - Extracting HTML after waiting
2024-08-01 12:12:08,622 - WebsiteDataExtractor - INFO - Extracting main text
2024-08-01 12:12:08,703 - trafilatura.htmlprocessing - DEBUG - list link text/total: 22/22 – short elems/total: 0/1
2024-08-01 12:12:08,703 - trafilatura.htmlprocessing - DEBUG - list link text/total: 14/227 – short elems/total: 0/1
2024-08-01 12:12:08,703 - trafilatura.htmlprocessing - DEBUG - list link text/total: 14/14 – short elems/total: 0/1
2024-08-01 12:12:08,704 - trafilatura.main_extractor - DEBUG - ['blockquote', 'code', 'del', 'head', 'hi', 'lb', 'list', 'p', 'pre', 'quote']
2024-08-01 12:12:08,704 - trafilatura.main_extractor - DEBUG - discarding element: div 
                    

2024-08-01 12:12:08,704 - trafilatura.main_extractor - DEBUG - discarding element: div 
        
2024-08-01 12:12:08,704 - trafilatura.main_extractor - DEBUG - discarding element: div 
            
2024-08-01 12:12:08,704 - trafilatura.main_extractor - DEBUG - discarding element: div 
                


2024-08-01 12:12:08,704 - trafilatura.main_extractor - DEBUG - discarding element: div 
        
        
        
2024-08-01 12:12:08,704 - trafilatura.main_extractor - DEBUG - discarding element: div None
2024-08-01 12:12:08,704 - trafilatura.main_extractor - DEBUG - discarding element: div 
        
        
        
2024-08-01 12:12:08,704 - trafilatura.main_extractor - DEBUG - discarding element: div None
2024-08-01 12:12:08,704 - trafilatura.main_extractor - DEBUG - discarding element: div 

    

2024-08-01 12:12:08,704 - trafilatura.main_extractor - DEBUG - discarding element: div 
      
    
2024-08-01 12:12:08,704 - trafilatura.main_extractor - DEBUG - discarding element: div 
       
    
2024-08-01 12:12:08,705 - trafilatura.main_extractor - DEBUG - discarding element: div 
        
2024-08-01 12:12:08,705 - trafilatura.main_extractor - DEBUG - discarding element: div 
            
        
2024-08-01 12:12:08,705 - trafilatura.main_extractor - DEBUG - discarding element: div 
      
    
2024-08-01 12:12:08,705 - trafilatura.main_extractor - DEBUG - discarding element: div 
       
    
2024-08-01 12:12:08,705 - trafilatura.main_extractor - DEBUG - discarding element: div 
        
2024-08-01 12:12:08,705 - trafilatura.main_extractor - DEBUG - discarding element: div 
            
        
2024-08-01 12:12:08,705 - trafilatura.main_extractor - DEBUG - discarding element: div 
      
    
2024-08-01 12:12:08,705 - trafilatura.main_extractor - DEBUG - discarding element: div 
       
    
2024-08-01 12:12:08,705 - trafilatura.main_extractor - DEBUG - discarding element: div 
      
    
2024-08-01 12:12:08,705 - trafilatura.main_extractor - DEBUG - discarding element: div 
       
    
2024-08-01 12:12:08,705 - trafilatura.main_extractor - DEBUG - discarding element: div 
                  
                
2024-08-01 12:12:08,705 - trafilatura.main_extractor - DEBUG - .//*[(self::article or self::div or self::main or self::section)][
    @class="post" or @class="entry" or
    contains(@class, "post-text") or contains(@class, "post_text") or
    contains(@class, "post-body") or contains(@class, "post-entry") or contains(@class, "postentry") or
    contains(@class, "post-content") or contains(@class, "post_content") or
    contains(@class, "postcontent") or contains(@class, "postContent") or contains(@class, "post_inner_wrapper") or
    contains(@class, "article-text") or contains(@class, "articletext") or contains(@class, "articleText")
    or contains(@id, "entry-content") or
    contains(@class, "entry-content") or contains(@id, "article-content") or
    contains(@class, "article-content") or contains(@id, "article__content") or
    contains(@class, "article__content") or contains(@id, "article-body") or
    contains(@class, "article-body") or contains(@id, "article__body") or
    contains(@class, "article__body") or @itemprop="articleBody" or
    contains(translate(@id, "B", "b"), "articlebody") or contains(translate(@class, "B", "b"), "articleBody")
    or @id="articleContent" or contains(@class, "ArticleContent") or
    contains(@class, "page-content") or contains(@class, "text-content") or
    contains(@id, "body-text") or contains(@class, "body-text") or
    contains(@class, "article__container") or contains(@id, "art-content") or contains(@class, "art-content")][1]
2024-08-01 12:12:08,710 - WebsiteDataExtractor - INFO - Extracting main text completed
2024-08-01 12:12:08,710 - WebsiteDataExtractor - INFO - Getting title
2024-08-01 12:12:08,853 - WebsiteDataExtractor - INFO - Finished Extracting title
2024-08-01 12:12:08,853 - WebsiteDataExtractor - INFO - Getting Date Of Article
2024-08-01 12:12:08,913 - WebsiteDataExtractor - INFO - Extracted Date Of Article
2024-08-01 12:12:08,914 - WebsiteDataExtractor - INFO - Adding New Row To The Dataframe
2024-08-01 12:12:08,915 - WebsiteDataExtractor - INFO - Added New Row To The DataFrame
2024-08-01 12:12:08,918 - WebsiteDataExtractor - INFO - processing index 3-> https://finance.yahoo.com/news/avia-homes-announces-striking-partnership-011800429.html
2024-08-01 12:12:08,918 - WebsiteDataExtractor - INFO - Processing URL: https://finance.yahoo.com/news/avia-homes-announces-striking-partnership-011800429.html
2024-08-01 12:12:08,919 - urllib3.connectionpool - DEBUG - Starting new HTTPS connection (1): finance.yahoo.com:443
2024-08-01 12:12:09,245 - urllib3.connectionpool - DEBUG - https://finance.yahoo.com:443 "GET /news/avia-homes-announces-striking-partnership-011800429.html HTTP/11" 200 None
2024-08-01 12:12:09,461 - WebsiteDataExtractor - INFO - Response extraction completed
2024-08-01 12:12:09,462 - WebsiteDataExtractor - INFO - Processing Finished for URL: https://finance.yahoo.com/news/avia-homes-announces-striking-partnership-011800429.html
2024-08-01 12:12:09,462 - WebsiteDataExtractor - INFO - Waiting 1 second for the page to load
2024-08-01 12:12:10,463 - WebsiteDataExtractor - INFO - Extracting HTML after waiting
2024-08-01 12:12:10,466 - WebsiteDataExtractor - INFO - Extracting main text
2024-08-01 12:12:10,496 - trafilatura.htmlprocessing - DEBUG - list link text/total: 8/78 – short elems/total: 1/1
2024-08-01 12:12:10,496 - trafilatura.htmlprocessing - DEBUG - list link text/total: 8/8 – short elems/total: 1/1
2024-08-01 12:12:10,497 - trafilatura.main_extractor - DEBUG - ['blockquote', 'code', 'del', 'head', 'hi', 'lb', 'list', 'p', 'pre', 'quote']
2024-08-01 12:12:10,497 - trafilatura.main_extractor - DEBUG - discarding element: div None
2024-08-01 12:12:10,497 - trafilatura.main_extractor - DEBUG - discarding element: div None
2024-08-01 12:12:10,498 - trafilatura.main_extractor - DEBUG - discarding element: div None
2024-08-01 12:12:10,498 - trafilatura.main_extractor - DEBUG - discarding element: div None
2024-08-01 12:12:10,498 - trafilatura.main_extractor - DEBUG - discarding element: div None
2024-08-01 12:12:10,498 - trafilatura.main_extractor - DEBUG - discarding element: div None
2024-08-01 12:12:10,498 - trafilatura.main_extractor - DEBUG - discarding element: div None
2024-08-01 12:12:10,498 - trafilatura.main_extractor - DEBUG - discarding element: header None
2024-08-01 12:12:10,498 - trafilatura.main_extractor - DEBUG - discarding element: div None
2024-08-01 12:12:10,498 - trafilatura.main_extractor - DEBUG - discarding element: div None
2024-08-01 12:12:10,498 - trafilatura.main_extractor - DEBUG - discarding element: div None
2024-08-01 12:12:10,498 - trafilatura.main_extractor - DEBUG - discarding element: div None
2024-08-01 12:12:10,498 - trafilatura.main_extractor - DEBUG - discarding element: div None
2024-08-01 12:12:10,498 - trafilatura.main_extractor - DEBUG - extra p within p: p To view an enhanced version of this graphic, please visit: None
2024-08-01 12:12:10,498 - trafilatura.main_extractor - DEBUG - discarding element: div None
2024-08-01 12:12:10,498 - trafilatura.main_extractor - DEBUG - discarding element: div None
2024-08-01 12:12:10,498 - trafilatura.main_extractor - DEBUG - extra p within p: p Website URL: https://aviahomes.com.au/  None
2024-08-01 12:12:10,498 - trafilatura.main_extractor - DEBUG - (.//article)[1]
2024-08-01 12:12:10,502 - WebsiteDataExtractor - INFO - Extracting main text completed
2024-08-01 12:12:10,502 - WebsiteDataExtractor - INFO - Getting title
2024-08-01 12:12:10,579 - WebsiteDataExtractor - INFO - Finished Extracting title
2024-08-01 12:12:10,579 - WebsiteDataExtractor - INFO - Getting Date Of Article
2024-08-01 12:12:10,598 - WebsiteDataExtractor - INFO - Extracted Date Of Article
2024-08-01 12:12:10,599 - WebsiteDataExtractor - INFO - Adding New Row To The Dataframe
2024-08-01 12:12:10,600 - WebsiteDataExtractor - INFO - Added New Row To The DataFrame
2024-08-01 12:12:10,600 - WebsiteDataExtractor - INFO - processing index 4-> https://newsroom.aviator.aero/avia-solutions-group-concluded-acquisition-of-skytrans-airlines-expanding-to-12-aocs-worldwide/
2024-08-01 12:12:10,601 - WebsiteDataExtractor - INFO - Processing URL: https://newsroom.aviator.aero/avia-solutions-group-concluded-acquisition-of-skytrans-airlines-expanding-to-12-aocs-worldwide/
2024-08-01 12:12:10,601 - urllib3.connectionpool - DEBUG - Starting new HTTPS connection (1): newsroom.aviator.aero:443
2024-08-01 12:12:10,649 - urllib3.connectionpool - DEBUG - https://newsroom.aviator.aero:443 "GET /avia-solutions-group-concluded-acquisition-of-skytrans-airlines-expanding-to-12-aocs-worldwide/ HTTP/11" 200 11304
2024-08-01 12:12:10,649 - WebsiteDataExtractor - INFO - Response extraction completed
2024-08-01 12:12:10,650 - WebsiteDataExtractor - INFO - Processing Finished for URL: https://newsroom.aviator.aero/avia-solutions-group-concluded-acquisition-of-skytrans-airlines-expanding-to-12-aocs-worldwide/
2024-08-01 12:12:10,650 - WebsiteDataExtractor - INFO - Waiting 1 second for the page to load
2024-08-01 12:12:11,651 - WebsiteDataExtractor - INFO - Extracting HTML after waiting
2024-08-01 12:12:11,651 - WebsiteDataExtractor - INFO - Extracting main text
2024-08-01 12:12:11,654 - trafilatura.main_extractor - DEBUG - ['blockquote', 'code', 'del', 'head', 'hi', 'lb', 'list', 'p', 'pre', 'quote']
2024-08-01 12:12:11,655 - trafilatura.main_extractor - DEBUG - .//*[(self::article or self::div or self::main or self::section)][
    @class="post" or @class="entry" or
    contains(@class, "post-text") or contains(@class, "post_text") or
    contains(@class, "post-body") or contains(@class, "post-entry") or contains(@class, "postentry") or
    contains(@class, "post-content") or contains(@class, "post_content") or
    contains(@class, "postcontent") or contains(@class, "postContent") or contains(@class, "post_inner_wrapper") or
    contains(@class, "article-text") or contains(@class, "articletext") or contains(@class, "articleText")
    or contains(@id, "entry-content") or
    contains(@class, "entry-content") or contains(@id, "article-content") or
    contains(@class, "article-content") or contains(@id, "article__content") or
    contains(@class, "article__content") or contains(@id, "article-body") or
    contains(@class, "article-body") or contains(@id, "article__body") or
    contains(@class, "article__body") or @itemprop="articleBody" or
    contains(translate(@id, "B", "b"), "articlebody") or contains(translate(@class, "B", "b"), "articleBody")
    or @id="articleContent" or contains(@class, "ArticleContent") or
    contains(@class, "page-content") or contains(@class, "text-content") or
    contains(@id, "body-text") or contains(@class, "body-text") or
    contains(@class, "article__container") or contains(@id, "art-content") or contains(@class, "art-content")][1]
2024-08-01 12:12:11,655 - WebsiteDataExtractor - INFO - Extracting main text completed
2024-08-01 12:12:11,655 - WebsiteDataExtractor - INFO - Getting title
2024-08-01 12:12:11,661 - WebsiteDataExtractor - INFO - Finished Extracting title
2024-08-01 12:12:11,661 - WebsiteDataExtractor - INFO - Getting Date Of Article
2024-08-01 12:12:11,663 - WebsiteDataExtractor - INFO - Extracted Date Of Article
2024-08-01 12:12:11,663 - WebsiteDataExtractor - INFO - Adding New Row To The Dataframe
2024-08-01 12:12:11,664 - WebsiteDataExtractor - INFO - Added New Row To The DataFrame
2024-08-01 12:12:11,665 - WebsiteDataExtractor - INFO - processing index 5-> https://www.aerotime.aero/articles/avia-solutions-group-issues-300m-worth-of-new-bonds
2024-08-01 12:12:11,665 - WebsiteDataExtractor - INFO - Processing URL: https://www.aerotime.aero/articles/avia-solutions-group-issues-300m-worth-of-new-bonds
2024-08-01 12:12:11,666 - urllib3.connectionpool - DEBUG - Starting new HTTPS connection (1): www.aerotime.aero:443
2024-08-01 12:12:13,079 - urllib3.connectionpool - DEBUG - https://www.aerotime.aero:443 "GET /articles/avia-solutions-group-issues-300m-worth-of-new-bonds HTTP/11" 200 31469
2024-08-01 12:12:13,253 - WebsiteDataExtractor - INFO - Response extraction completed
2024-08-01 12:12:13,253 - WebsiteDataExtractor - INFO - Processing Finished for URL: https://www.aerotime.aero/articles/avia-solutions-group-issues-300m-worth-of-new-bonds
2024-08-01 12:12:13,253 - WebsiteDataExtractor - INFO - Waiting 1 second for the page to load
2024-08-01 12:12:14,255 - WebsiteDataExtractor - INFO - Extracting HTML after waiting
2024-08-01 12:12:14,255 - WebsiteDataExtractor - INFO - Extracting main text
2024-08-01 12:12:14,263 - trafilatura.main_extractor - DEBUG - ['blockquote', 'code', 'del', 'head', 'hi', 'lb', 'list', 'p', 'pre', 'quote']
2024-08-01 12:12:14,264 - trafilatura.main_extractor - DEBUG - .//*[(self::article or self::div or self::main or self::section)][
    @class="post" or @class="entry" or
    contains(@class, "post-text") or contains(@class, "post_text") or
    contains(@class, "post-body") or contains(@class, "post-entry") or contains(@class, "postentry") or
    contains(@class, "post-content") or contains(@class, "post_content") or
    contains(@class, "postcontent") or contains(@class, "postContent") or contains(@class, "post_inner_wrapper") or
    contains(@class, "article-text") or contains(@class, "articletext") or contains(@class, "articleText")
    or contains(@id, "entry-content") or
    contains(@class, "entry-content") or contains(@id, "article-content") or
    contains(@class, "article-content") or contains(@id, "article__content") or
    contains(@class, "article__content") or contains(@id, "article-body") or
    contains(@class, "article-body") or contains(@id, "article__body") or
    contains(@class, "article__body") or @itemprop="articleBody" or
    contains(translate(@id, "B", "b"), "articlebody") or contains(translate(@class, "B", "b"), "articleBody")
    or @id="articleContent" or contains(@class, "ArticleContent") or
    contains(@class, "page-content") or contains(@class, "text-content") or
    contains(@id, "body-text") or contains(@class, "body-text") or
    contains(@class, "article__container") or contains(@id, "art-content") or contains(@class, "art-content")][1]
2024-08-01 12:12:14,265 - WebsiteDataExtractor - INFO - Extracting main text completed
2024-08-01 12:12:14,265 - WebsiteDataExtractor - INFO - Getting title
2024-08-01 12:12:14,288 - WebsiteDataExtractor - INFO - Finished Extracting title
2024-08-01 12:12:14,288 - WebsiteDataExtractor - INFO - Getting Date Of Article
2024-08-01 12:12:14,291 - WebsiteDataExtractor - INFO - Extracted Date Of Article
2024-08-01 12:12:14,292 - WebsiteDataExtractor - INFO - Adding New Row To The Dataframe
2024-08-01 12:12:14,293 - WebsiteDataExtractor - INFO - Added New Row To The DataFrame
2024-08-01 12:12:14,294 - WebsiteDataExtractor - INFO - processing index 6-> https://www.businesswire.com/news/home/20240222636721/en/Syllable-Named-to-AVIA-Marketplace%E2%80%99s-2024-Top-Digital-Front-Door-Companies
2024-08-01 12:12:14,294 - WebsiteDataExtractor - INFO - Processing URL: https://www.businesswire.com/news/home/20240222636721/en/Syllable-Named-to-AVIA-Marketplace%E2%80%99s-2024-Top-Digital-Front-Door-Companies
2024-08-01 12:12:14,296 - urllib3.connectionpool - DEBUG - Starting new HTTPS connection (1): www.businesswire.com:443
2024-08-01 12:12:14,495 - urllib3.connectionpool - DEBUG - https://www.businesswire.com:443 "GET /news/home/20240222636721/en/Syllable-Named-to-AVIA-Marketplace%E2%80%99s-2024-Top-Digital-Front-Door-Companies HTTP/11" 403 552
2024-08-01 12:12:14,495 - WebsiteDataExtractor - INFO - Response extraction completed
2024-08-01 12:12:14,495 - WebsiteDataExtractor - INFO - Processing Finished for URL: https://www.businesswire.com/news/home/20240222636721/en/Syllable-Named-to-AVIA-Marketplace%E2%80%99s-2024-Top-Digital-Front-Door-Companies
2024-08-01 12:12:14,496 - WebsiteDataExtractor - INFO - Waiting 1 second for the page to load
2024-08-01 12:12:15,497 - WebsiteDataExtractor - INFO - Extracting HTML after waiting
2024-08-01 12:12:15,497 - WebsiteDataExtractor - INFO - Extracting main text
2024-08-01 12:12:15,498 - trafilatura.main_extractor - DEBUG - Recovering wild text elements
2024-08-01 12:12:15,499 - trafilatura.core - DEBUG - non-clean extracted length: 103 (extraction)
2024-08-01 12:12:15,499 - WebsiteDataExtractor - INFO - Extracting main text completed
2024-08-01 12:12:15,500 - WebsiteDataExtractor - INFO - Getting title
2024-08-01 12:12:15,500 - WebsiteDataExtractor - INFO - Finished Extracting title
2024-08-01 12:12:15,500 - WebsiteDataExtractor - INFO - Getting Date Of Article
2024-08-01 12:12:15,501 - WebsiteDataExtractor - INFO - Extracted Date Of Article
2024-08-01 12:12:15,502 - WebsiteDataExtractor - INFO - Adding New Row To The Dataframe
2024-08-01 12:12:15,503 - WebsiteDataExtractor - INFO - Added New Row To The DataFrame
2024-08-01 12:12:15,503 - WebsiteDataExtractor - INFO - processing index 7-> https://www.legacy.com/us/obituaries/name/avia-riley-obituary?id=54446360
2024-08-01 12:12:15,503 - WebsiteDataExtractor - INFO - Processing URL: https://www.legacy.com/us/obituaries/name/avia-riley-obituary?id=54446360
2024-08-01 12:12:15,504 - urllib3.connectionpool - DEBUG - Starting new HTTPS connection (1): www.legacy.com:443
2024-08-01 12:12:16,061 - urllib3.connectionpool - DEBUG - https://www.legacy.com:443 "GET /us/obituaries/name/avia-riley-obituary?id=54446360 HTTP/11" 200 None
2024-08-01 12:12:16,090 - WebsiteDataExtractor - INFO - Response extraction completed
2024-08-01 12:12:16,090 - WebsiteDataExtractor - INFO - Processing Finished for URL: https://www.legacy.com/us/obituaries/name/avia-riley-obituary?id=54446360
2024-08-01 12:12:16,090 - WebsiteDataExtractor - INFO - Waiting 1 second for the page to load
2024-08-01 12:12:17,092 - WebsiteDataExtractor - INFO - Extracting HTML after waiting
2024-08-01 12:12:17,092 - WebsiteDataExtractor - INFO - Extracting main text
2024-08-01 12:12:17,111 - trafilatura.main_extractor - DEBUG - Recovering wild text elements
2024-08-01 12:12:17,135 - trafilatura.htmlprocessing - DEBUG - list link text/total: 30/72 – short elems/total: 2/4
2024-08-01 12:12:17,136 - trafilatura.htmlprocessing - DEBUG - list link text/total: 15/16 – short elems/total: 1/2
2024-08-01 12:12:17,136 - trafilatura.htmlprocessing - DEBUG - list link text/total: 15/16 – short elems/total: 1/2
2024-08-01 12:12:17,136 - trafilatura.htmlprocessing - DEBUG - list link text/total: 5/6 – short elems/total: 1/1
2024-08-01 12:12:17,136 - trafilatura.htmlprocessing - DEBUG - list link text/total: 10/10 – short elems/total: 0/1
2024-08-01 12:12:17,136 - trafilatura.htmlprocessing - DEBUG - list link text/total: 15/16 – short elems/total: 1/2
2024-08-01 12:12:17,136 - trafilatura.htmlprocessing - DEBUG - list link text/total: 15/16 – short elems/total: 1/2
2024-08-01 12:12:17,136 - trafilatura.htmlprocessing - DEBUG - list link text/total: 5/6 – short elems/total: 1/1
2024-08-01 12:12:17,136 - trafilatura.htmlprocessing - DEBUG - list link text/total: 10/10 – short elems/total: 0/1
2024-08-01 12:12:17,137 - trafilatura.htmlprocessing - DEBUG - list link text/total: 34/87 – short elems/total: 0/1
2024-08-01 12:12:17,137 - trafilatura.htmlprocessing - DEBUG - list link text/total: 34/87 – short elems/total: 0/1
2024-08-01 12:12:17,137 - trafilatura.htmlprocessing - DEBUG - list link text/total: 34/87 – short elems/total: 0/1
2024-08-01 12:12:17,137 - trafilatura.htmlprocessing - DEBUG - list link text/total: 34/75 – short elems/total: 0/1
2024-08-01 12:12:17,137 - trafilatura.htmlprocessing - DEBUG - list link text/total: 14/58 – short elems/total: 0/1
2024-08-01 12:12:17,137 - trafilatura.htmlprocessing - DEBUG - list link text/total: 14/58 – short elems/total: 0/1
2024-08-01 12:12:17,137 - trafilatura.htmlprocessing - DEBUG - list link text/total: 10/255 – short elems/total: 0/1
2024-08-01 12:12:17,138 - trafilatura.htmlprocessing - DEBUG - list link text/total: 34/104 – short elems/total: 0/1
2024-08-01 12:12:17,138 - trafilatura.htmlprocessing - DEBUG - list link text/total: 86/130 – short elems/total: 0/5
2024-08-01 12:12:17,139 - trafilatura.htmlprocessing - DEBUG - list link text/total: 9/234 – short elems/total: 1/1
2024-08-01 12:12:17,139 - trafilatura.htmlprocessing - DEBUG - list link text/total: 9/234 – short elems/total: 1/1
2024-08-01 12:12:17,139 - trafilatura.htmlprocessing - DEBUG - list link text/total: 9/234 – short elems/total: 1/1
2024-08-01 12:12:17,139 - trafilatura.htmlprocessing - DEBUG - list link text/total: 9/234 – short elems/total: 1/1
2024-08-01 12:12:17,139 - trafilatura.htmlprocessing - DEBUG - list link text/total: 9/86 – short elems/total: 1/1
2024-08-01 12:12:17,139 - trafilatura.htmlprocessing - DEBUG - list link text/total: 9/86 – short elems/total: 1/1
2024-08-01 12:12:17,139 - trafilatura.htmlprocessing - DEBUG - list link text/total: 9/86 – short elems/total: 1/1
2024-08-01 12:12:17,139 - trafilatura.htmlprocessing - DEBUG - list link text/total: 9/86 – short elems/total: 1/1
2024-08-01 12:12:17,139 - trafilatura.htmlprocessing - DEBUG - list link text/total: 9/86 – short elems/total: 1/1
2024-08-01 12:12:17,139 - trafilatura.htmlprocessing - DEBUG - list link text/total: 9/147 – short elems/total: 1/1
2024-08-01 12:12:17,139 - trafilatura.htmlprocessing - DEBUG - list link text/total: 9/147 – short elems/total: 1/1
2024-08-01 12:12:17,139 - trafilatura.htmlprocessing - DEBUG - list link text/total: 9/147 – short elems/total: 1/1
2024-08-01 12:12:17,139 - trafilatura.htmlprocessing - DEBUG - list link text/total: 9/147 – short elems/total: 1/1
2024-08-01 12:12:17,139 - trafilatura.htmlprocessing - DEBUG - list link text/total: 9/154 – short elems/total: 1/1
2024-08-01 12:12:17,139 - trafilatura.htmlprocessing - DEBUG - list link text/total: 9/154 – short elems/total: 1/1
2024-08-01 12:12:17,139 - trafilatura.htmlprocessing - DEBUG - list link text/total: 9/154 – short elems/total: 1/1
2024-08-01 12:12:17,139 - trafilatura.htmlprocessing - DEBUG - list link text/total: 9/154 – short elems/total: 1/1
2024-08-01 12:12:17,139 - trafilatura.htmlprocessing - DEBUG - list link text/total: 9/154 – short elems/total: 1/1
2024-08-01 12:12:17,139 - trafilatura.htmlprocessing - DEBUG - list link text/total: 9/94 – short elems/total: 1/1
2024-08-01 12:12:17,139 - trafilatura.htmlprocessing - DEBUG - list link text/total: 9/94 – short elems/total: 1/1
2024-08-01 12:12:17,139 - trafilatura.htmlprocessing - DEBUG - list link text/total: 9/94 – short elems/total: 1/1
2024-08-01 12:12:17,139 - trafilatura.htmlprocessing - DEBUG - list link text/total: 9/94 – short elems/total: 1/1
2024-08-01 12:12:17,140 - trafilatura.htmlprocessing - DEBUG - list link text/total: 9/94 – short elems/total: 1/1
2024-08-01 12:12:17,140 - trafilatura.htmlprocessing - DEBUG - list link text/total: 9/149 – short elems/total: 1/1
2024-08-01 12:12:17,140 - trafilatura.htmlprocessing - DEBUG - list link text/total: 9/149 – short elems/total: 1/1
2024-08-01 12:12:17,140 - trafilatura.htmlprocessing - DEBUG - list link text/total: 9/149 – short elems/total: 1/1
2024-08-01 12:12:17,140 - trafilatura.htmlprocessing - DEBUG - list link text/total: 9/149 – short elems/total: 1/1
2024-08-01 12:12:17,140 - trafilatura.htmlprocessing - DEBUG - list link text/total: 9/177 – short elems/total: 1/1
2024-08-01 12:12:17,140 - trafilatura.htmlprocessing - DEBUG - list link text/total: 9/177 – short elems/total: 1/1
2024-08-01 12:12:17,140 - trafilatura.htmlprocessing - DEBUG - list link text/total: 9/177 – short elems/total: 1/1
2024-08-01 12:12:17,140 - trafilatura.htmlprocessing - DEBUG - list link text/total: 9/177 – short elems/total: 1/1
2024-08-01 12:12:17,140 - trafilatura.htmlprocessing - DEBUG - list link text/total: 9/116 – short elems/total: 1/1
2024-08-01 12:12:17,140 - trafilatura.htmlprocessing - DEBUG - list link text/total: 9/116 – short elems/total: 1/1
2024-08-01 12:12:17,140 - trafilatura.htmlprocessing - DEBUG - list link text/total: 9/116 – short elems/total: 1/1
2024-08-01 12:12:17,140 - trafilatura.htmlprocessing - DEBUG - list link text/total: 9/116 – short elems/total: 1/1
2024-08-01 12:12:17,140 - trafilatura.htmlprocessing - DEBUG - list link text/total: 9/116 – short elems/total: 1/1
2024-08-01 12:12:17,140 - trafilatura.htmlprocessing - DEBUG - list link text/total: 9/119 – short elems/total: 1/1
2024-08-01 12:12:17,140 - trafilatura.htmlprocessing - DEBUG - list link text/total: 9/119 – short elems/total: 1/1
2024-08-01 12:12:17,140 - trafilatura.htmlprocessing - DEBUG - list link text/total: 9/119 – short elems/total: 1/1
2024-08-01 12:12:17,140 - trafilatura.htmlprocessing - DEBUG - list link text/total: 9/119 – short elems/total: 1/1
2024-08-01 12:12:17,141 - trafilatura.htmlprocessing - DEBUG - list link text/total: 9/94 – short elems/total: 1/1
2024-08-01 12:12:17,141 - trafilatura.htmlprocessing - DEBUG - list link text/total: 9/94 – short elems/total: 1/1
2024-08-01 12:12:17,141 - trafilatura.htmlprocessing - DEBUG - list link text/total: 9/94 – short elems/total: 1/1
2024-08-01 12:12:17,141 - trafilatura.htmlprocessing - DEBUG - list link text/total: 9/94 – short elems/total: 1/1
2024-08-01 12:12:17,141 - trafilatura.htmlprocessing - DEBUG - list link text/total: 9/94 – short elems/total: 1/1
2024-08-01 12:12:17,141 - trafilatura.htmlprocessing - DEBUG - list link text/total: 9/133 – short elems/total: 1/1
2024-08-01 12:12:17,141 - trafilatura.htmlprocessing - DEBUG - list link text/total: 9/133 – short elems/total: 1/1
2024-08-01 12:12:17,141 - trafilatura.htmlprocessing - DEBUG - list link text/total: 9/133 – short elems/total: 1/1
2024-08-01 12:12:17,141 - trafilatura.htmlprocessing - DEBUG - list link text/total: 9/133 – short elems/total: 1/1
2024-08-01 12:12:17,141 - trafilatura.htmlprocessing - DEBUG - list link text/total: 9/115 – short elems/total: 1/1
2024-08-01 12:12:17,141 - trafilatura.htmlprocessing - DEBUG - list link text/total: 9/115 – short elems/total: 1/1
2024-08-01 12:12:17,141 - trafilatura.htmlprocessing - DEBUG - list link text/total: 9/115 – short elems/total: 1/1
2024-08-01 12:12:17,141 - trafilatura.htmlprocessing - DEBUG - list link text/total: 9/115 – short elems/total: 1/1
2024-08-01 12:12:17,141 - trafilatura.htmlprocessing - DEBUG - list link text/total: 9/115 – short elems/total: 1/1
2024-08-01 12:12:17,141 - trafilatura.htmlprocessing - DEBUG - list link text/total: 239/264 – short elems/total: 0/4
2024-08-01 12:12:17,141 - trafilatura.htmlprocessing - DEBUG - list link text/total: 69/69 – short elems/total: 0/1
2024-08-01 12:12:17,142 - trafilatura.htmlprocessing - DEBUG - list link text/total: 63/63 – short elems/total: 0/1
2024-08-01 12:12:17,142 - trafilatura.htmlprocessing - DEBUG - list link text/total: 47/47 – short elems/total: 0/1
2024-08-01 12:12:17,142 - trafilatura.htmlprocessing - DEBUG - list link text/total: 60/60 – short elems/total: 0/1
2024-08-01 12:12:17,142 - trafilatura.htmlprocessing - DEBUG - list link text/total: 221/252 – short elems/total: 0/5
2024-08-01 12:12:17,142 - trafilatura.htmlprocessing - DEBUG - list link text/total: 221/252 – short elems/total: 0/5
2024-08-01 12:12:17,142 - trafilatura.htmlprocessing - DEBUG - list link text/total: 23/54 – short elems/total: 0/1
2024-08-01 12:12:17,143 - trafilatura.htmlprocessing - DEBUG - list link text/total: 198/198 – short elems/total: 0/4
2024-08-01 12:12:17,143 - trafilatura.htmlprocessing - DEBUG - list link text/total: 59/59 – short elems/total: 0/1
2024-08-01 12:12:17,143 - trafilatura.htmlprocessing - DEBUG - list link text/total: 47/47 – short elems/total: 0/1
2024-08-01 12:12:17,143 - trafilatura.htmlprocessing - DEBUG - list link text/total: 42/42 – short elems/total: 0/1
2024-08-01 12:12:17,143 - trafilatura.htmlprocessing - DEBUG - list link text/total: 50/50 – short elems/total: 0/1
2024-08-01 12:12:17,144 - trafilatura.htmlprocessing - DEBUG - list link text/total: 88/88 – short elems/total: 0/5
2024-08-01 12:12:17,144 - trafilatura.htmlprocessing - DEBUG - list link text/total: 88/88 – short elems/total: 0/5
2024-08-01 12:12:17,144 - trafilatura.htmlprocessing - DEBUG - list link text/total: 86/86 – short elems/total: 0/5
2024-08-01 12:12:17,144 - trafilatura.htmlprocessing - DEBUG - list link text/total: 14/58 – short elems/total: 0/1
2024-08-01 12:12:17,147 - WebsiteDataExtractor - INFO - Extracting main text completed
2024-08-01 12:12:17,148 - WebsiteDataExtractor - INFO - Getting title
2024-08-01 12:12:17,182 - WebsiteDataExtractor - INFO - Finished Extracting title
2024-08-01 12:12:17,182 - WebsiteDataExtractor - INFO - Getting Date Of Article
2024-08-01 12:12:17,189 - WebsiteDataExtractor - INFO - Extracted Date Of Article
2024-08-01 12:12:17,190 - WebsiteDataExtractor - INFO - Adding New Row To The Dataframe
2024-08-01 12:12:17,192 - WebsiteDataExtractor - INFO - Added New Row To The DataFrame
2024-08-01 12:12:17,193 - WebsiteDataExtractor - INFO - processing index 8-> https://www.ch-aviation.com/news/137736-avia-solutions-group-closes-purchase-of-australias-skytrans
2024-08-01 12:12:17,193 - WebsiteDataExtractor - INFO - Processing URL: https://www.ch-aviation.com/news/137736-avia-solutions-group-closes-purchase-of-australias-skytrans
2024-08-01 12:12:17,195 - urllib3.connectionpool - DEBUG - Starting new HTTPS connection (1): www.ch-aviation.com:443
2024-08-01 12:12:17,734 - urllib3.connectionpool - DEBUG - https://www.ch-aviation.com:443 "GET /news/137736-avia-solutions-group-closes-purchase-of-australias-skytrans HTTP/11" 200 12838
2024-08-01 12:12:17,735 - WebsiteDataExtractor - INFO - Response extraction completed
2024-08-01 12:12:17,735 - WebsiteDataExtractor - INFO - Processing Finished for URL: https://www.ch-aviation.com/news/137736-avia-solutions-group-closes-purchase-of-australias-skytrans
2024-08-01 12:12:17,735 - WebsiteDataExtractor - INFO - Waiting 1 second for the page to load
2024-08-01 12:12:18,736 - WebsiteDataExtractor - INFO - Extracting HTML after waiting
2024-08-01 12:12:18,737 - WebsiteDataExtractor - INFO - Extracting main text
2024-08-01 12:12:18,744 - trafilatura.main_extractor - DEBUG - ['blockquote', 'code', 'del', 'head', 'hi', 'lb', 'list', 'p', 'pre', 'quote']
2024-08-01 12:12:18,744 - trafilatura.main_extractor - DEBUG - discarding element: section 

                                        
2024-08-01 12:12:18,744 - trafilatura.main_extractor - DEBUG - discarding element: div 
                                            
2024-08-01 12:12:18,744 - trafilatura.main_extractor - DEBUG - .//*[(self::article or self::div or self::main or self::section)][
    @class="post" or @class="entry" or
    contains(@class, "post-text") or contains(@class, "post_text") or
    contains(@class, "post-body") or contains(@class, "post-entry") or contains(@class, "postentry") or
    contains(@class, "post-content") or contains(@class, "post_content") or
    contains(@class, "postcontent") or contains(@class, "postContent") or contains(@class, "post_inner_wrapper") or
    contains(@class, "article-text") or contains(@class, "articletext") or contains(@class, "articleText")
    or contains(@id, "entry-content") or
    contains(@class, "entry-content") or contains(@id, "article-content") or
    contains(@class, "article-content") or contains(@id, "article__content") or
    contains(@class, "article__content") or contains(@id, "article-body") or
    contains(@class, "article-body") or contains(@id, "article__body") or
    contains(@class, "article__body") or @itemprop="articleBody" or
    contains(translate(@id, "B", "b"), "articlebody") or contains(translate(@class, "B", "b"), "articleBody")
    or @id="articleContent" or contains(@class, "ArticleContent") or
    contains(@class, "page-content") or contains(@class, "text-content") or
    contains(@id, "body-text") or contains(@class, "body-text") or
    contains(@class, "article__container") or contains(@id, "art-content") or contains(@class, "art-content")][1]
2024-08-01 12:12:18,745 - WebsiteDataExtractor - INFO - Extracting main text completed
2024-08-01 12:12:18,746 - WebsiteDataExtractor - INFO - Getting title
2024-08-01 12:12:18,771 - WebsiteDataExtractor - INFO - Finished Extracting title
2024-08-01 12:12:18,772 - WebsiteDataExtractor - INFO - Getting Date Of Article
2024-08-01 12:12:21,527 - WebsiteDataExtractor - INFO - Extracted Date Of Article
2024-08-01 12:12:21,528 - WebsiteDataExtractor - INFO - Adding New Row To The Dataframe
2024-08-01 12:12:21,529 - WebsiteDataExtractor - INFO - Added New Row To The DataFrame
2024-08-01 12:12:21,530 - WebsiteDataExtractor - INFO - processing index 9-> https://www.baltictimes.com/avia_solutions_group_issues__300m_worth_of_new_bonds/
2024-08-01 12:12:21,531 - WebsiteDataExtractor - INFO - Processing URL: https://www.baltictimes.com/avia_solutions_group_issues__300m_worth_of_new_bonds/
2024-08-01 12:12:21,532 - urllib3.connectionpool - DEBUG - Starting new HTTPS connection (1): www.baltictimes.com:443
2024-08-01 12:12:21,861 - urllib3.connectionpool - DEBUG - https://www.baltictimes.com:443 "GET /avia_solutions_group_issues__300m_worth_of_new_bonds/ HTTP/11" 200 None
2024-08-01 12:12:21,862 - WebsiteDataExtractor - INFO - Response extraction completed
2024-08-01 12:12:21,862 - WebsiteDataExtractor - INFO - Processing Finished for URL: https://www.baltictimes.com/avia_solutions_group_issues__300m_worth_of_new_bonds/
2024-08-01 12:12:21,863 - WebsiteDataExtractor - INFO - Waiting 1 second for the page to load
2024-08-01 12:12:22,864 - WebsiteDataExtractor - INFO - Extracting HTML after waiting
2024-08-01 12:12:22,864 - WebsiteDataExtractor - INFO - Extracting main text
2024-08-01 12:12:22,870 - trafilatura.main_extractor - DEBUG - Recovering wild text elements
2024-08-01 12:12:22,876 - trafilatura.htmlprocessing - DEBUG - list link text/total: 155/174 – short elems/total: 0/3
2024-08-01 12:12:22,877 - trafilatura.htmlprocessing - DEBUG - list link text/total: 155/157 – short elems/total: 0/3
2024-08-01 12:12:22,877 - trafilatura.htmlprocessing - DEBUG - list link text/total: 67/67 – short elems/total: 0/1
2024-08-01 12:12:22,877 - trafilatura.htmlprocessing - DEBUG - list link text/total: 67/67 – short elems/total: 0/1
2024-08-01 12:12:22,877 - trafilatura.htmlprocessing - DEBUG - list link text/total: 34/34 – short elems/total: 0/1
2024-08-01 12:12:22,877 - trafilatura.htmlprocessing - DEBUG - list link text/total: 34/34 – short elems/total: 0/1
2024-08-01 12:12:22,877 - trafilatura.htmlprocessing - DEBUG - list link text/total: 54/54 – short elems/total: 0/1
2024-08-01 12:12:22,877 - trafilatura.htmlprocessing - DEBUG - list link text/total: 54/54 – short elems/total: 0/1
2024-08-01 12:12:22,877 - trafilatura.htmlprocessing - DEBUG - list link text/total: 14/39 – short elems/total: 0/1
2024-08-01 12:12:22,877 - trafilatura.htmlprocessing - DEBUG - list link text/total: 14/39 – short elems/total: 0/1
2024-08-01 12:12:22,877 - trafilatura.htmlprocessing - DEBUG - list link text/total: 14/39 – short elems/total: 0/1
2024-08-01 12:12:22,877 - trafilatura.htmlprocessing - DEBUG - list link text/total: 14/39 – short elems/total: 0/1
2024-08-01 12:12:22,878 - trafilatura.htmlprocessing - DEBUG - list link text/total: 14/39 – short elems/total: 0/1
2024-08-01 12:12:22,878 - trafilatura.main_extractor - DEBUG - extra p within p: p  2024 © The Baltic Times /Cookies Policy  
2024-08-01 12:12:22,879 - WebsiteDataExtractor - INFO - Extracting main text completed
2024-08-01 12:12:22,879 - WebsiteDataExtractor - INFO - Getting title
2024-08-01 12:12:22,890 - WebsiteDataExtractor - INFO - Finished Extracting title
2024-08-01 12:12:22,890 - WebsiteDataExtractor - INFO - Getting Date Of Article
2024-08-01 12:12:22,896 - WebsiteDataExtractor - INFO - Extracted Date Of Article
2024-08-01 12:12:22,897 - WebsiteDataExtractor - INFO - Adding New Row To The Dataframe
2024-08-01 12:12:22,899 - WebsiteDataExtractor - INFO - Added New Row To The DataFrame
2024-08-01 12:12:22,899 - WebsiteDataExtractor - INFO - processing index 10-> https://e-tangata.co.nz/reflections/tusiata-avia-a-strange-dance-with-friends/
2024-08-01 12:12:22,900 - WebsiteDataExtractor - INFO - Processing URL: https://e-tangata.co.nz/reflections/tusiata-avia-a-strange-dance-with-friends/
2024-08-01 12:12:22,900 - urllib3.connectionpool - DEBUG - Starting new HTTPS connection (1): e-tangata.co.nz:443
2024-08-01 12:12:24,064 - urllib3.connectionpool - DEBUG - https://e-tangata.co.nz:443 "GET /reflections/tusiata-avia-a-strange-dance-with-friends/ HTTP/11" 200 None
2024-08-01 12:12:24,065 - WebsiteDataExtractor - INFO - Response extraction completed
2024-08-01 12:12:24,065 - WebsiteDataExtractor - INFO - Processing Finished for URL: https://e-tangata.co.nz/reflections/tusiata-avia-a-strange-dance-with-friends/
2024-08-01 12:12:24,065 - WebsiteDataExtractor - INFO - Waiting 1 second for the page to load
2024-08-01 12:12:25,066 - WebsiteDataExtractor - INFO - Extracting HTML after waiting
2024-08-01 12:12:25,067 - WebsiteDataExtractor - INFO - Extracting main text
2024-08-01 12:12:25,073 - trafilatura.htmlprocessing - DEBUG - list link text/total: 17/17 – short elems/total: 0/1
2024-08-01 12:12:25,074 - trafilatura.main_extractor - DEBUG - ['blockquote', 'code', 'del', 'head', 'hi', 'lb', 'list', 'p', 'pre', 'quote']
2024-08-01 12:12:25,074 - trafilatura.main_extractor - DEBUG - discarding element: div 
								
2024-08-01 12:12:25,074 - trafilatura.main_extractor - DEBUG - .//*[(self::article or self::div or self::main or self::section)][
    @class="post" or @class="entry" or
    contains(@class, "post-text") or contains(@class, "post_text") or
    contains(@class, "post-body") or contains(@class, "post-entry") or contains(@class, "postentry") or
    contains(@class, "post-content") or contains(@class, "post_content") or
    contains(@class, "postcontent") or contains(@class, "postContent") or contains(@class, "post_inner_wrapper") or
    contains(@class, "article-text") or contains(@class, "articletext") or contains(@class, "articleText")
    or contains(@id, "entry-content") or
    contains(@class, "entry-content") or contains(@id, "article-content") or
    contains(@class, "article-content") or contains(@id, "article__content") or
    contains(@class, "article__content") or contains(@id, "article-body") or
    contains(@class, "article-body") or contains(@id, "article__body") or
    contains(@class, "article__body") or @itemprop="articleBody" or
    contains(translate(@id, "B", "b"), "articlebody") or contains(translate(@class, "B", "b"), "articleBody")
    or @id="articleContent" or contains(@class, "ArticleContent") or
    contains(@class, "page-content") or contains(@class, "text-content") or
    contains(@id, "body-text") or contains(@class, "body-text") or
    contains(@class, "article__container") or contains(@id, "art-content") or contains(@class, "art-content")][1]
2024-08-01 12:12:25,077 - WebsiteDataExtractor - INFO - Extracting main text completed
2024-08-01 12:12:25,077 - WebsiteDataExtractor - INFO - Getting title
2024-08-01 12:12:25,092 - WebsiteDataExtractor - INFO - Finished Extracting title
2024-08-01 12:12:25,093 - WebsiteDataExtractor - INFO - Getting Date Of Article
2024-08-01 12:12:25,096 - WebsiteDataExtractor - INFO - Extracted Date Of Article
2024-08-01 12:12:25,097 - WebsiteDataExtractor - INFO - Adding New Row To The Dataframe
2024-08-01 12:12:25,098 - WebsiteDataExtractor - INFO - Added New Row To The DataFrame
2024-08-01 12:12:25,099 - WebsiteDataExtractor - INFO - Completed Extracting Main Content of Article
